{"/home/azureuser/Telehealings Project/packages/backend/src/app.controller.ts": {"path":"/home/azureuser/Telehealings Project/packages/backend/src/app.controller.ts","statementMap":{"0":{"start":{"line":1,"column":0},"end":{"line":1,"column":49}},"1":{"start":{"line":2,"column":0},"end":{"line":2,"column":43}},"2":{"start":{"line":5,"column":7},"end":{"line":12,"column":null}},"3":{"start":{"line":6,"column":31},"end":{"line":6,"column":43}},"4":{"start":{"line":10,"column":4},"end":{"line":10,"column":38}},"5":{"start":{"line":5,"column":13},"end":{"line":5,"column":26}},"6":{"start":{"line":9,"column":2},"end":{"line":11,"column":null}},"7":{"start":{"line":5,"column":13},"end":{"line":12,"column":null}}},"fnMap":{"0":{"name":"(anonymous_2)","decl":{"start":{"line":6,"column":2},"end":{"line":6,"column":31}},"loc":{"start":{"line":6,"column":53},"end":{"line":6,"column":57}}},"1":{"name":"(anonymous_3)","decl":{"start":{"line":9,"column":2},"end":{"line":9,"column":10}},"loc":{"start":{"line":9,"column":10},"end":{"line":11,"column":3}}}},"branchMap":{"0":{"loc":{"start":{"line":6,"column":43},"end":{"line":6,"column":56}},"type":"cond-expr","locations":[{"start":{"line":6,"column":53},"end":{"line":6,"column":56}},{"start":{"line":6,"column":53},"end":{"line":6,"column":56}}]},"1":{"loc":{"start":{"line":6,"column":43},"end":{"line":6,"column":53}},"type":"binary-expr","locations":[{"start":{"line":6,"column":43},"end":{"line":6,"column":56}},{"start":{"line":6,"column":43},"end":{"line":6,"column":53}}]}},"s":{"0":1,"1":1,"2":1,"3":1,"4":1,"5":1,"6":1,"7":1},"f":{"0":1,"1":1},"b":{"0":[1,0],"1":[1,1]}}
,"/home/azureuser/Telehealings Project/packages/backend/src/app.module.ts": {"path":"/home/azureuser/Telehealings Project/packages/backend/src/app.module.ts","statementMap":{"0":{"start":{"line":1,"column":0},"end":{"line":1,"column":40}},"1":{"start":{"line":2,"column":0},"end":{"line":2,"column":46}},"2":{"start":{"line":3,"column":0},"end":{"line":3,"column":49}},"3":{"start":{"line":4,"column":0},"end":{"line":4,"column":43}},"4":{"start":{"line":5,"column":0},"end":{"line":5,"column":54}},"5":{"start":{"line":6,"column":0},"end":{"line":6,"column":48}},"6":{"start":{"line":7,"column":0},"end":{"line":7,"column":51}},"7":{"start":{"line":8,"column":0},"end":{"line":8,"column":66}},"8":{"start":{"line":9,"column":0},"end":{"line":9,"column":57}},"9":{"start":{"line":10,"column":0},"end":{"line":10,"column":60}},"10":{"start":{"line":11,"column":0},"end":{"line":11,"column":60}},"11":{"start":{"line":12,"column":0},"end":{"line":12,"column":60}},"12":{"start":{"line":13,"column":0},"end":{"line":13,"column":75}},"13":{"start":{"line":14,"column":0},"end":{"line":14,"column":56}},"14":{"start":{"line":15,"column":0},"end":{"line":15,"column":56}},"15":{"start":{"line":16,"column":0},"end":{"line":16,"column":54}},"16":{"start":{"line":37,"column":7},"end":{"line":37,"column":null}},"17":{"start":{"line":37,"column":13},"end":{"line":37,"column":22}},"18":{"start":{"line":37,"column":13},"end":{"line":37,"column":null}}},"fnMap":{},"branchMap":{},"s":{"0":0,"1":0,"2":0,"3":0,"4":0,"5":0,"6":0,"7":0,"8":0,"9":0,"10":0,"11":0,"12":0,"13":0,"14":0,"15":0,"16":0,"17":0,"18":0},"f":{},"b":{}}
,"/home/azureuser/Telehealings Project/packages/backend/src/app.service.ts": {"path":"/home/azureuser/Telehealings Project/packages/backend/src/app.service.ts","statementMap":{"0":{"start":{"line":1,"column":0},"end":{"line":1,"column":44}},"1":{"start":{"line":4,"column":7},"end":{"line":8,"column":null}},"2":{"start":{"line":6,"column":4},"end":{"line":6,"column":26}},"3":{"start":{"line":4,"column":13},"end":{"line":4,"column":23}},"4":{"start":{"line":4,"column":13},"end":{"line":8,"column":null}}},"fnMap":{"0":{"name":"(anonymous_1)","decl":{"start":{"line":5,"column":2},"end":{"line":5,"column":10}},"loc":{"start":{"line":5,"column":10},"end":{"line":7,"column":3}}}},"branchMap":{},"s":{"0":1,"1":1,"2":1,"3":1,"4":1},"f":{"0":1},"b":{}}
,"/home/azureuser/Telehealings Project/packages/backend/src/main.ts": {"path":"/home/azureuser/Telehealings Project/packages/backend/src/main.ts","statementMap":{"0":{"start":{"line":1,"column":0},"end":{"line":1,"column":43}},"1":{"start":{"line":2,"column":0},"end":{"line":2,"column":48}},"2":{"start":{"line":3,"column":0},"end":{"line":3,"column":41}},"3":{"start":{"line":4,"column":0},"end":{"line":4,"column":35}},"4":{"start":{"line":7,"column":14},"end":{"line":7,"column":49}},"5":{"start":{"line":10,"column":2},"end":{"line":10,"column":76}},"6":{"start":{"line":12,"column":2},"end":{"line":19,"column":5}},"7":{"start":{"line":21,"column":2},"end":{"line":21,"column":29}},"8":{"start":{"line":23,"column":2},"end":{"line":29,"column":4}},"9":{"start":{"line":31,"column":15},"end":{"line":31,"column":39}},"10":{"start":{"line":32,"column":2},"end":{"line":32,"column":25}},"11":{"start":{"line":33,"column":2},"end":{"line":33,"column":74}},"12":{"start":{"line":35,"column":0},"end":{"line":35,"column":12}}},"fnMap":{"0":{"name":"bootstrap","decl":{"start":{"line":6,"column":15},"end":{"line":6,"column":24}},"loc":{"start":{"line":6,"column":24},"end":{"line":34,"column":1}}}},"branchMap":{"0":{"loc":{"start":{"line":14,"column":6},"end":{"line":14,"column":55}},"type":"binary-expr","locations":[{"start":{"line":14,"column":6},"end":{"line":14,"column":28}},{"start":{"line":14,"column":32},"end":{"line":14,"column":55}}]},"1":{"loc":{"start":{"line":15,"column":6},"end":{"line":15,"column":58}},"type":"binary-expr","locations":[{"start":{"line":15,"column":6},"end":{"line":15,"column":31}},{"start":{"line":15,"column":35},"end":{"line":15,"column":58}}]},"2":{"loc":{"start":{"line":16,"column":6},"end":{"line":16,"column":54}},"type":"binary-expr","locations":[{"start":{"line":16,"column":6},"end":{"line":16,"column":27}},{"start":{"line":16,"column":31},"end":{"line":16,"column":54}}]},"3":{"loc":{"start":{"line":31,"column":15},"end":{"line":31,"column":39}},"type":"binary-expr","locations":[{"start":{"line":31,"column":15},"end":{"line":31,"column":31}},{"start":{"line":31,"column":35},"end":{"line":31,"column":39}}]}},"s":{"0":0,"1":0,"2":0,"3":0,"4":0,"5":0,"6":0,"7":0,"8":0,"9":0,"10":0,"11":0,"12":0},"f":{"0":0},"b":{"0":[0,0],"1":[0,0],"2":[0,0],"3":[0,0]}}
,"/home/azureuser/Telehealings Project/packages/backend/src/auth/auth.controller.ts": {"path":"/home/azureuser/Telehealings Project/packages/backend/src/auth/auth.controller.ts","statementMap":{"0":{"start":{"line":1,"column":0},"end":{"line":1,"column":77}},"1":{"start":{"line":2,"column":0},"end":{"line":2,"column":45}},"2":{"start":{"line":3,"column":0},"end":{"line":3,"column":48}},"3":{"start":{"line":4,"column":0},"end":{"line":4,"column":58}},"4":{"start":{"line":7,"column":7},"end":{"line":37,"column":null}},"5":{"start":{"line":8,"column":22},"end":{"line":8,"column":35}},"6":{"start":{"line":12,"column":4},"end":{"line":12,"column":72}},"7":{"start":{"line":17,"column":4},"end":{"line":17,"column":59}},"8":{"start":{"line":22,"column":19},"end":{"line":22,"column":31}},"9":{"start":{"line":23,"column":4},"end":{"line":23,"column":62}},"10":{"start":{"line":29,"column":4},"end":{"line":29,"column":48}},"11":{"start":{"line":35,"column":4},"end":{"line":35,"column":52}},"12":{"start":{"line":7,"column":13},"end":{"line":7,"column":27}},"13":{"start":{"line":11,"column":8},"end":{"line":13,"column":null}},"14":{"start":{"line":16,"column":8},"end":{"line":18,"column":null}},"15":{"start":{"line":21,"column":8},"end":{"line":24,"column":null}},"16":{"start":{"line":28,"column":8},"end":{"line":30,"column":null}},"17":{"start":{"line":34,"column":8},"end":{"line":36,"column":null}},"18":{"start":{"line":7,"column":13},"end":{"line":37,"column":null}}},"fnMap":{"0":{"name":"(anonymous_4)","decl":{"start":{"line":8,"column":2},"end":{"line":8,"column":22}},"loc":{"start":{"line":8,"column":46},"end":{"line":8,"column":50}}},"1":{"name":"(anonymous_5)","decl":{"start":{"line":11,"column":2},"end":{"line":11,"column":7}},"loc":{"start":{"line":11,"column":41},"end":{"line":13,"column":3}}},"2":{"name":"(anonymous_6)","decl":{"start":{"line":16,"column":2},"end":{"line":16,"column":7}},"loc":{"start":{"line":16,"column":35},"end":{"line":18,"column":3}}},"3":{"name":"(anonymous_7)","decl":{"start":{"line":21,"column":2},"end":{"line":21,"column":7}},"loc":{"start":{"line":21,"column":56},"end":{"line":24,"column":3}}},"4":{"name":"(anonymous_8)","decl":{"start":{"line":28,"column":2},"end":{"line":28,"column":7}},"loc":{"start":{"line":28,"column":30},"end":{"line":30,"column":3}}},"5":{"name":"(anonymous_9)","decl":{"start":{"line":34,"column":2},"end":{"line":34,"column":7}},"loc":{"start":{"line":34,"column":26},"end":{"line":36,"column":3}}}},"branchMap":{"0":{"loc":{"start":{"line":11,"column":30},"end":{"line":11,"column":null}},"type":"cond-expr","locations":[{"start":{"line":11,"column":41},"end":{"line":11,"column":null}},{"start":{"line":11,"column":41},"end":{"line":11,"column":null}}]},"1":{"loc":{"start":{"line":11,"column":30},"end":{"line":11,"column":41}},"type":"binary-expr","locations":[{"start":{"line":11,"column":30},"end":{"line":11,"column":null}},{"start":{"line":11,"column":30},"end":{"line":11,"column":41}}]},"2":{"loc":{"start":{"line":16,"column":27},"end":{"line":16,"column":null}},"type":"cond-expr","locations":[{"start":{"line":16,"column":35},"end":{"line":16,"column":null}},{"start":{"line":16,"column":35},"end":{"line":16,"column":null}}]},"3":{"loc":{"start":{"line":16,"column":27},"end":{"line":16,"column":35}},"type":"binary-expr","locations":[{"start":{"line":16,"column":27},"end":{"line":16,"column":null}},{"start":{"line":16,"column":27},"end":{"line":16,"column":35}}]},"4":{"loc":{"start":{"line":21,"column":29},"end":{"line":21,"column":42}},"type":"cond-expr","locations":[{"start":{"line":21,"column":39},"end":{"line":21,"column":42}},{"start":{"line":21,"column":39},"end":{"line":21,"column":42}}]},"5":{"loc":{"start":{"line":21,"column":29},"end":{"line":21,"column":39}},"type":"binary-expr","locations":[{"start":{"line":21,"column":29},"end":{"line":21,"column":42}},{"start":{"line":21,"column":29},"end":{"line":21,"column":39}}]},"6":{"loc":{"start":{"line":8,"column":35},"end":{"line":8,"column":49}},"type":"cond-expr","locations":[{"start":{"line":8,"column":46},"end":{"line":8,"column":49}},{"start":{"line":8,"column":46},"end":{"line":8,"column":49}}]},"7":{"loc":{"start":{"line":8,"column":35},"end":{"line":8,"column":46}},"type":"binary-expr","locations":[{"start":{"line":8,"column":35},"end":{"line":8,"column":49}},{"start":{"line":8,"column":35},"end":{"line":8,"column":46}}]}},"s":{"0":0,"1":0,"2":0,"3":0,"4":0,"5":0,"6":0,"7":0,"8":0,"9":0,"10":0,"11":0,"12":0,"13":0,"14":0,"15":0,"16":0,"17":0,"18":0},"f":{"0":0,"1":0,"2":0,"3":0,"4":0,"5":0},"b":{"0":[0,0],"1":[0,0],"2":[0,0],"3":[0,0],"4":[0,0],"5":[0,0],"6":[0,0],"7":[0,0]}}
,"/home/azureuser/Telehealings Project/packages/backend/src/auth/auth.module.ts": {"path":"/home/azureuser/Telehealings Project/packages/backend/src/auth/auth.module.ts","statementMap":{"0":{"start":{"line":1,"column":0},"end":{"line":1,"column":40}},"1":{"start":{"line":2,"column":0},"end":{"line":2,"column":40}},"2":{"start":{"line":3,"column":0},"end":{"line":3,"column":50}},"3":{"start":{"line":4,"column":0},"end":{"line":4,"column":61}},"4":{"start":{"line":5,"column":0},"end":{"line":5,"column":45}},"5":{"start":{"line":6,"column":0},"end":{"line":6,"column":51}},"6":{"start":{"line":7,"column":0},"end":{"line":7,"column":45}},"7":{"start":{"line":8,"column":0},"end":{"line":8,"column":55}},"8":{"start":{"line":29,"column":7},"end":{"line":29,"column":null}},"9":{"start":{"line":29,"column":13},"end":{"line":29,"column":23}},"10":{"start":{"line":29,"column":13},"end":{"line":29,"column":null}},"11":{"start":{"line":16,"column":53},"end":{"line":21,"column":8}}},"fnMap":{"0":{"name":"(anonymous_1)","decl":{"start":{"line":16,"column":18},"end":{"line":16,"column":19}},"loc":{"start":{"line":16,"column":53},"end":{"line":21,"column":8}}}},"branchMap":{},"s":{"0":0,"1":0,"2":0,"3":0,"4":0,"5":0,"6":0,"7":0,"8":0,"9":0,"10":0,"11":0},"f":{"0":0},"b":{}}
,"/home/azureuser/Telehealings Project/packages/backend/src/auth/auth.service.ts": {"path":"/home/azureuser/Telehealings Project/packages/backend/src/auth/auth.service.ts","statementMap":{"0":{"start":{"line":1,"column":0},"end":{"line":1,"column":86}},"1":{"start":{"line":2,"column":0},"end":{"line":2,"column":41}},"2":{"start":{"line":3,"column":0},"end":{"line":3,"column":47}},"3":{"start":{"line":4,"column":0},"end":{"line":4,"column":35}},"4":{"start":{"line":5,"column":0},"end":{"line":5,"column":57}},"5":{"start":{"line":6,"column":0},"end":{"line":6,"column":41}},"6":{"start":{"line":9,"column":7},"end":{"line":101,"column":null}},"7":{"start":{"line":11,"column":12},"end":{"line":11,"column":20}},"8":{"start":{"line":12,"column":12},"end":{"line":12,"column":24}},"9":{"start":{"line":13,"column":12},"end":{"line":13,"column":27}},"10":{"start":{"line":17,"column":21},"end":{"line":17,"column":76}},"11":{"start":{"line":18,"column":4},"end":{"line":20,"column":5}},"12":{"start":{"line":19,"column":6},"end":{"line":19,"column":62}},"13":{"start":{"line":22,"column":27},"end":{"line":22,"column":58}},"14":{"start":{"line":23,"column":17},"end":{"line":25,"column":6}},"15":{"start":{"line":27,"column":19},"end":{"line":27,"column":76}},"16":{"start":{"line":28,"column":4},"end":{"line":28,"column":84}},"17":{"start":{"line":32,"column":17},"end":{"line":32,"column":72}},"18":{"start":{"line":33,"column":4},"end":{"line":35,"column":5}},"19":{"start":{"line":34,"column":6},"end":{"line":34,"column":61}},"20":{"start":{"line":37,"column":28},"end":{"line":37,"column":73}},"21":{"start":{"line":38,"column":4},"end":{"line":40,"column":5}},"22":{"start":{"line":39,"column":6},"end":{"line":39,"column":61}},"23":{"start":{"line":42,"column":19},"end":{"line":42,"column":76}},"24":{"start":{"line":43,"column":4},"end":{"line":43,"column":84}},"25":{"start":{"line":47,"column":24},"end":{"line":49,"column":6}},"26":{"start":{"line":51,"column":4},"end":{"line":53,"column":5}},"27":{"start":{"line":52,"column":6},"end":{"line":52,"column":63}},"28":{"start":{"line":55,"column":17},"end":{"line":55,"column":77}},"29":{"start":{"line":56,"column":4},"end":{"line":58,"column":5}},"30":{"start":{"line":57,"column":6},"end":{"line":57,"column":56}},"31":{"start":{"line":60,"column":4},"end":{"line":60,"column":77}},"32":{"start":{"line":61,"column":19},"end":{"line":61,"column":76}},"33":{"start":{"line":62,"column":4},"end":{"line":62,"column":18}},"34":{"start":{"line":66,"column":4},"end":{"line":66,"column":69}},"35":{"start":{"line":67,"column":4},"end":{"line":67,"column":50}},"36":{"start":{"line":71,"column":17},"end":{"line":74,"column":6}},"37":{"start":{"line":75,"column":4},"end":{"line":77,"column":5}},"38":{"start":{"line":76,"column":6},"end":{"line":76,"column":56}},"39":{"start":{"line":78,"column":36},"end":{"line":78,"column":40}},"40":{"start":{"line":79,"column":4},"end":{"line":79,"column":18}},"41":{"start":{"line":83,"column":20},"end":{"line":83,"column":48}},"42":{"start":{"line":84,"column":24},"end":{"line":86,"column":13}},"43":{"start":{"line":87,"column":25},"end":{"line":90,"column":13}},"44":{"start":{"line":92,"column":22},"end":{"line":92,"column":32}},"45":{"start":{"line":93,"column":4},"end":{"line":93,"column":47}},"46":{"start":{"line":95,"column":4},"end":{"line":97,"column":7}},"47":{"start":{"line":99,"column":4},"end":{"line":99,"column":41}},"48":{"start":{"line":9,"column":13},"end":{"line":9,"column":24}},"49":{"start":{"line":9,"column":13},"end":{"line":101,"column":null}}},"fnMap":{"0":{"name":"(anonymous_11)","decl":{"start":{"line":10,"column":2},"end":{"line":10,"column":null}},"loc":{"start":{"line":13,"column":40},"end":{"line":14,"column":6}}},"1":{"name":"(anonymous_12)","decl":{"start":{"line":16,"column":2},"end":{"line":16,"column":7}},"loc":{"start":{"line":16,"column":74},"end":{"line":29,"column":3}}},"2":{"name":"(anonymous_13)","decl":{"start":{"line":31,"column":2},"end":{"line":31,"column":7}},"loc":{"start":{"line":31,"column":45},"end":{"line":44,"column":3}}},"3":{"name":"(anonymous_14)","decl":{"start":{"line":46,"column":2},"end":{"line":46,"column":7}},"loc":{"start":{"line":46,"column":52},"end":{"line":63,"column":3}}},"4":{"name":"(anonymous_15)","decl":{"start":{"line":65,"column":2},"end":{"line":65,"column":7}},"loc":{"start":{"line":65,"column":29},"end":{"line":68,"column":3}}},"5":{"name":"(anonymous_16)","decl":{"start":{"line":70,"column":2},"end":{"line":70,"column":7}},"loc":{"start":{"line":70,"column":33},"end":{"line":80,"column":3}}},"6":{"name":"(anonymous_17)","decl":{"start":{"line":82,"column":10},"end":{"line":82,"column":15}},"loc":{"start":{"line":82,"column":74},"end":{"line":100,"column":3}}}},"branchMap":{"0":{"loc":{"start":{"line":16,"column":50},"end":{"line":16,"column":74}},"type":"default-arg","locations":[{"start":{"line":16,"column":63},"end":{"line":16,"column":74}}]},"1":{"loc":{"start":{"line":18,"column":4},"end":{"line":20,"column":5}},"type":"if","locations":[{"start":{"line":18,"column":4},"end":{"line":20,"column":5}}]},"2":{"loc":{"start":{"line":33,"column":4},"end":{"line":35,"column":5}},"type":"if","locations":[{"start":{"line":33,"column":4},"end":{"line":35,"column":5}}]},"3":{"loc":{"start":{"line":38,"column":4},"end":{"line":40,"column":5}},"type":"if","locations":[{"start":{"line":38,"column":4},"end":{"line":40,"column":5}}]},"4":{"loc":{"start":{"line":51,"column":4},"end":{"line":53,"column":5}},"type":"if","locations":[{"start":{"line":51,"column":4},"end":{"line":53,"column":5}}]},"5":{"loc":{"start":{"line":51,"column":8},"end":{"line":51,"column":58}},"type":"binary-expr","locations":[{"start":{"line":51,"column":8},"end":{"line":51,"column":20}},{"start":{"line":51,"column":24},"end":{"line":51,"column":58}}]},"6":{"loc":{"start":{"line":56,"column":4},"end":{"line":58,"column":5}},"type":"if","locations":[{"start":{"line":56,"column":4},"end":{"line":58,"column":5}}]},"7":{"loc":{"start":{"line":75,"column":4},"end":{"line":77,"column":5}},"type":"if","locations":[{"start":{"line":75,"column":4},"end":{"line":77,"column":5}}]},"8":{"loc":{"start":{"line":11,"column":20},"end":{"line":11,"column":null}},"type":"cond-expr","locations":[{"start":{"line":11,"column":33},"end":{"line":11,"column":null}},{"start":{"line":11,"column":33},"end":{"line":11,"column":null}}]},"9":{"loc":{"start":{"line":11,"column":20},"end":{"line":11,"column":33}},"type":"binary-expr","locations":[{"start":{"line":11,"column":20},"end":{"line":11,"column":null}},{"start":{"line":11,"column":20},"end":{"line":11,"column":33}}]},"10":{"loc":{"start":{"line":11,"column":33},"end":{"line":12,"column":null}},"type":"cond-expr","locations":[{"start":{"line":12,"column":34},"end":{"line":12,"column":null}},{"start":{"line":12,"column":34},"end":{"line":12,"column":null}}]},"11":{"loc":{"start":{"line":11,"column":33},"end":{"line":12,"column":34}},"type":"binary-expr","locations":[{"start":{"line":11,"column":33},"end":{"line":12,"column":null}},{"start":{"line":12,"column":24},"end":{"line":12,"column":34}}]},"12":{"loc":{"start":{"line":12,"column":34},"end":{"line":13,"column":null}},"type":"cond-expr","locations":[{"start":{"line":13,"column":40},"end":{"line":13,"column":null}},{"start":{"line":13,"column":40},"end":{"line":13,"column":null}}]},"13":{"loc":{"start":{"line":12,"column":34},"end":{"line":13,"column":40}},"type":"binary-expr","locations":[{"start":{"line":12,"column":34},"end":{"line":13,"column":null}},{"start":{"line":13,"column":27},"end":{"line":13,"column":40}}]}},"s":{"0":1,"1":1,"2":1,"3":1,"4":1,"5":1,"6":1,"7":12,"8":12,"9":12,"10":3,"11":3,"12":1,"13":2,"14":2,"15":2,"16":2,"17":3,"18":3,"19":1,"20":2,"21":2,"22":1,"23":1,"24":1,"25":3,"26":3,"27":2,"28":1,"29":1,"30":0,"31":1,"32":1,"33":1,"34":1,"35":1,"36":2,"37":2,"38":1,"39":1,"40":1,"41":4,"42":4,"43":4,"44":4,"45":4,"46":4,"47":4,"48":1,"49":1},"f":{"0":12,"1":3,"2":3,"3":3,"4":1,"5":2,"6":4},"b":{"0":[2],"1":[1],"2":[1],"3":[1],"4":[2],"5":[3,2],"6":[0],"7":[1],"8":[1,0],"9":[1,1],"10":[1,0],"11":[1,1],"12":[1,0],"13":[1,1]}}
,"/home/azureuser/Telehealings Project/packages/backend/src/auth/dto.ts": {"path":"/home/azureuser/Telehealings Project/packages/backend/src/auth/dto.ts","statementMap":{"0":{"start":{"line":1,"column":0},"end":{"line":1,"column":83}},"1":{"start":{"line":2,"column":0},"end":{"line":2,"column":47}},"2":{"start":{"line":4,"column":0},"end":{"line":4,"column":13}},"3":{"start":{"line":6,"column":2},"end":{"line":6,"column":null}},"4":{"start":{"line":10,"column":2},"end":{"line":10,"column":null}},"5":{"start":{"line":14,"column":2},"end":{"line":14,"column":null}},"6":{"start":{"line":17,"column":0},"end":{"line":17,"column":13}},"7":{"start":{"line":19,"column":2},"end":{"line":19,"column":null}},"8":{"start":{"line":22,"column":2},"end":{"line":22,"column":null}},"9":{"start":{"line":25,"column":0},"end":{"line":25,"column":13}},"10":{"start":{"line":27,"column":2},"end":{"line":27,"column":null}}},"fnMap":{},"branchMap":{"0":{"loc":{"start":{"line":14,"column":9},"end":{"line":14,"column":14}},"type":"cond-expr","locations":[{"start":{"line":14,"column":13},"end":{"line":14,"column":14}},{"start":{"line":14,"column":13},"end":{"line":14,"column":14}}]},"1":{"loc":{"start":{"line":14,"column":9},"end":{"line":14,"column":13}},"type":"binary-expr","locations":[{"start":{"line":14,"column":9},"end":{"line":14,"column":14}},{"start":{"line":14,"column":9},"end":{"line":14,"column":13}}]}},"s":{"0":0,"1":0,"2":0,"3":0,"4":0,"5":0,"6":0,"7":0,"8":0,"9":0,"10":0},"f":{},"b":{"0":[0,0],"1":[0,0]}}
,"/home/azureuser/Telehealings Project/packages/backend/src/auth/jwt-auth.guard.ts": {"path":"/home/azureuser/Telehealings Project/packages/backend/src/auth/jwt-auth.guard.ts","statementMap":{"0":{"start":{"line":2,"column":0},"end":{"line":2,"column":44}},"1":{"start":{"line":3,"column":0},"end":{"line":3,"column":45}},"2":{"start":{"line":6,"column":7},"end":{"line":6,"column":null}},"3":{"start":{"line":6,"column":13},"end":{"line":6,"column":25}},"4":{"start":{"line":6,"column":13},"end":{"line":6,"column":null}}},"fnMap":{},"branchMap":{},"s":{"0":1,"1":1,"2":1,"3":1,"4":1},"f":{},"b":{}}
,"/home/azureuser/Telehealings Project/packages/backend/src/auth/jwt.strategy.ts": {"path":"/home/azureuser/Telehealings Project/packages/backend/src/auth/jwt.strategy.ts","statementMap":{"0":{"start":{"line":1,"column":0},"end":{"line":1,"column":44}},"1":{"start":{"line":2,"column":0},"end":{"line":2,"column":52}},"2":{"start":{"line":3,"column":0},"end":{"line":3,"column":52}},"3":{"start":{"line":4,"column":0},"end":{"line":4,"column":47}},"4":{"start":{"line":7,"column":7},"end":{"line":19,"column":null}},"5":{"start":{"line":9,"column":4},"end":{"line":13,"column":7}},"6":{"start":{"line":17,"column":4},"end":{"line":17,"column":73}},"7":{"start":{"line":7,"column":13},"end":{"line":7,"column":24}},"8":{"start":{"line":7,"column":13},"end":{"line":19,"column":null}}},"fnMap":{"0":{"name":"(anonymous_2)","decl":{"start":{"line":8,"column":2},"end":{"line":8,"column":14}},"loc":{"start":{"line":8,"column":42},"end":{"line":14,"column":3}}},"1":{"name":"(anonymous_3)","decl":{"start":{"line":16,"column":2},"end":{"line":16,"column":7}},"loc":{"start":{"line":16,"column":70},"end":{"line":18,"column":3}}}},"branchMap":{"0":{"loc":{"start":{"line":8,"column":29},"end":{"line":8,"column":null}},"type":"cond-expr","locations":[{"start":{"line":8,"column":42},"end":{"line":8,"column":null}},{"start":{"line":8,"column":42},"end":{"line":8,"column":null}}]},"1":{"loc":{"start":{"line":8,"column":29},"end":{"line":8,"column":42}},"type":"binary-expr","locations":[{"start":{"line":8,"column":29},"end":{"line":8,"column":null}},{"start":{"line":8,"column":29},"end":{"line":8,"column":42}}]}},"s":{"0":0,"1":0,"2":0,"3":0,"4":0,"5":0,"6":0,"7":0,"8":0},"f":{"0":0,"1":0},"b":{"0":[0,0],"1":[0,0]}}
,"/home/azureuser/Telehealings Project/packages/backend/src/auth/roles.decorator.ts": {"path":"/home/azureuser/Telehealings Project/packages/backend/src/auth/roles.decorator.ts","statementMap":{"0":{"start":{"line":2,"column":0},"end":{"line":2,"column":45}},"1":{"start":{"line":4,"column":13},"end":{"line":4,"column":33}},"2":{"start":{"line":6,"column":0},"end":{"line":6,"column":null}},"3":{"start":{"line":7,"column":2},"end":{"line":7,"column":null}},"4":{"start":{"line":8,"column":2},"end":{"line":8,"column":null}},"5":{"start":{"line":9,"column":2},"end":{"line":9,"column":null}},"6":{"start":{"line":12,"column":21},"end":{"line":12,"column":72}},"7":{"start":{"line":12,"column":43},"end":{"line":12,"column":72}},"8":{"start":{"line":12,"column":13},"end":{"line":12,"column":21}}},"fnMap":{"0":{"name":"(anonymous_0)","decl":{"start":{"line":6,"column":0},"end":{"line":6,"column":12}},"loc":{"start":{"line":6,"column":16},"end":{"line":10,"column":1}}},"1":{"name":"(anonymous_1)","decl":{"start":{"line":12,"column":21},"end":{"line":12,"column":22}},"loc":{"start":{"line":12,"column":43},"end":{"line":12,"column":72}}}},"branchMap":{"0":{"loc":{"start":{"line":6,"column":12},"end":{"line":6,"column":null}},"type":"binary-expr","locations":[{"start":{"line":6,"column":12},"end":{"line":6,"column":16}},{"start":{"line":6,"column":16},"end":{"line":6,"column":null}}]}},"s":{"0":2,"1":2,"2":2,"3":2,"4":2,"5":2,"6":2,"7":1,"8":2},"f":{"0":2,"1":1},"b":{"0":[2,2]}}
,"/home/azureuser/Telehealings Project/packages/backend/src/auth/roles.guard.ts": {"path":"/home/azureuser/Telehealings Project/packages/backend/src/auth/roles.guard.ts","statementMap":{"0":{"start":{"line":1,"column":0},"end":{"line":1,"column":75}},"1":{"start":{"line":2,"column":0},"end":{"line":2,"column":41}},"2":{"start":{"line":3,"column":0},"end":{"line":3,"column":52}},"3":{"start":{"line":6,"column":7},"end":{"line":18,"column":null}},"4":{"start":{"line":7,"column":22},"end":{"line":7,"column":33}},"5":{"start":{"line":10,"column":26},"end":{"line":13,"column":6}},"6":{"start":{"line":14,"column":4},"end":{"line":14,"column":36}},"7":{"start":{"line":14,"column":24},"end":{"line":14,"column":36}},"8":{"start":{"line":15,"column":21},"end":{"line":15,"column":56}},"9":{"start":{"line":16,"column":4},"end":{"line":16,"column":45}},"10":{"start":{"line":6,"column":13},"end":{"line":6,"column":23}},"11":{"start":{"line":6,"column":13},"end":{"line":18,"column":null}}},"fnMap":{"0":{"name":"(anonymous_2)","decl":{"start":{"line":7,"column":2},"end":{"line":7,"column":22}},"loc":{"start":{"line":7,"column":42},"end":{"line":7,"column":46}}},"1":{"name":"(anonymous_3)","decl":{"start":{"line":9,"column":2},"end":{"line":9,"column":13}},"loc":{"start":{"line":9,"column":39},"end":{"line":17,"column":3}}}},"branchMap":{"0":{"loc":{"start":{"line":14,"column":4},"end":{"line":14,"column":36}},"type":"if","locations":[{"start":{"line":14,"column":4},"end":{"line":14,"column":36}}]},"1":{"loc":{"start":{"line":7,"column":33},"end":{"line":7,"column":45}},"type":"cond-expr","locations":[{"start":{"line":7,"column":42},"end":{"line":7,"column":45}},{"start":{"line":7,"column":42},"end":{"line":7,"column":45}}]},"2":{"loc":{"start":{"line":7,"column":33},"end":{"line":7,"column":42}},"type":"binary-expr","locations":[{"start":{"line":7,"column":33},"end":{"line":7,"column":45}},{"start":{"line":7,"column":33},"end":{"line":7,"column":42}}]}},"s":{"0":1,"1":1,"2":1,"3":1,"4":6,"5":5,"6":5,"7":1,"8":4,"9":4,"10":1,"11":1},"f":{"0":6,"1":5},"b":{"0":[1],"1":[1,0],"2":[1,1]}}
,"/home/azureuser/Telehealings Project/packages/backend/src/bookings/bookings.controller.ts": {"path":"/home/azureuser/Telehealings Project/packages/backend/src/bookings/bookings.controller.ts","statementMap":{"0":{"start":{"line":1,"column":0},"end":{"line":1,"column":86}},"1":{"start":{"line":2,"column":0},"end":{"line":2,"column":53}},"2":{"start":{"line":3,"column":0},"end":{"line":3,"column":54}},"3":{"start":{"line":4,"column":0},"end":{"line":4,"column":65}},"4":{"start":{"line":8,"column":7},"end":{"line":35,"column":null}},"5":{"start":{"line":9,"column":22},"end":{"line":9,"column":39}},"6":{"start":{"line":13,"column":4},"end":{"line":13,"column":48}},"7":{"start":{"line":18,"column":4},"end":{"line":18,"column":44}},"8":{"start":{"line":23,"column":4},"end":{"line":23,"column":45}},"9":{"start":{"line":28,"column":4},"end":{"line":28,"column":61}},"10":{"start":{"line":33,"column":4},"end":{"line":33,"column":43}},"11":{"start":{"line":8,"column":13},"end":{"line":8,"column":31}},"12":{"start":{"line":12,"column":8},"end":{"line":14,"column":null}},"13":{"start":{"line":17,"column":8},"end":{"line":19,"column":null}},"14":{"start":{"line":22,"column":8},"end":{"line":24,"column":null}},"15":{"start":{"line":27,"column":8},"end":{"line":29,"column":null}},"16":{"start":{"line":32,"column":8},"end":{"line":34,"column":null}},"17":{"start":{"line":8,"column":13},"end":{"line":35,"column":null}}},"fnMap":{"0":{"name":"(anonymous_4)","decl":{"start":{"line":9,"column":2},"end":{"line":9,"column":22}},"loc":{"start":{"line":9,"column":54},"end":{"line":9,"column":58}}},"1":{"name":"(anonymous_5)","decl":{"start":{"line":12,"column":2},"end":{"line":12,"column":7}},"loc":{"start":{"line":12,"column":35},"end":{"line":14,"column":3}}},"2":{"name":"(anonymous_6)","decl":{"start":{"line":17,"column":2},"end":{"line":17,"column":7}},"loc":{"start":{"line":17,"column":39},"end":{"line":19,"column":3}}},"3":{"name":"(anonymous_7)","decl":{"start":{"line":22,"column":2},"end":{"line":22,"column":7}},"loc":{"start":{"line":22,"column":45},"end":{"line":24,"column":3}}},"4":{"name":"(anonymous_8)","decl":{"start":{"line":27,"column":2},"end":{"line":27,"column":7}},"loc":{"start":{"line":27,"column":81},"end":{"line":29,"column":3}}},"5":{"name":"(anonymous_9)","decl":{"start":{"line":32,"column":2},"end":{"line":32,"column":7}},"loc":{"start":{"line":32,"column":38},"end":{"line":34,"column":3}}}},"branchMap":{"0":{"loc":{"start":{"line":22,"column":29},"end":{"line":22,"column":null}},"type":"cond-expr","locations":[{"start":{"line":22,"column":45},"end":{"line":22,"column":null}},{"start":{"line":22,"column":45},"end":{"line":22,"column":null}}]},"1":{"loc":{"start":{"line":22,"column":29},"end":{"line":22,"column":45}},"type":"binary-expr","locations":[{"start":{"line":22,"column":29},"end":{"line":22,"column":null}},{"start":{"line":22,"column":29},"end":{"line":22,"column":45}}]},"2":{"loc":{"start":{"line":27,"column":59},"end":{"line":27,"column":null}},"type":"cond-expr","locations":[{"start":{"line":27,"column":81},"end":{"line":27,"column":null}},{"start":{"line":27,"column":81},"end":{"line":27,"column":null}}]},"3":{"loc":{"start":{"line":27,"column":59},"end":{"line":27,"column":81}},"type":"binary-expr","locations":[{"start":{"line":27,"column":59},"end":{"line":27,"column":null}},{"start":{"line":27,"column":59},"end":{"line":27,"column":81}}]},"4":{"loc":{"start":{"line":9,"column":39},"end":{"line":9,"column":57}},"type":"cond-expr","locations":[{"start":{"line":9,"column":54},"end":{"line":9,"column":57}},{"start":{"line":9,"column":54},"end":{"line":9,"column":57}}]},"5":{"loc":{"start":{"line":9,"column":39},"end":{"line":9,"column":54}},"type":"binary-expr","locations":[{"start":{"line":9,"column":39},"end":{"line":9,"column":57}},{"start":{"line":9,"column":39},"end":{"line":9,"column":54}}]}},"s":{"0":0,"1":0,"2":0,"3":0,"4":0,"5":0,"6":0,"7":0,"8":0,"9":0,"10":0,"11":0,"12":0,"13":0,"14":0,"15":0,"16":0,"17":0},"f":{"0":0,"1":0,"2":0,"3":0,"4":0,"5":0},"b":{"0":[0,0],"1":[0,0],"2":[0,0],"3":[0,0],"4":[0,0],"5":[0,0]}}
,"/home/azureuser/Telehealings Project/packages/backend/src/bookings/bookings.module.ts": {"path":"/home/azureuser/Telehealings Project/packages/backend/src/bookings/bookings.module.ts","statementMap":{"0":{"start":{"line":2,"column":0},"end":{"line":2,"column":40}},"1":{"start":{"line":3,"column":0},"end":{"line":3,"column":53}},"2":{"start":{"line":4,"column":0},"end":{"line":4,"column":59}},"3":{"start":{"line":5,"column":0},"end":{"line":5,"column":55}},"4":{"start":{"line":13,"column":7},"end":{"line":13,"column":null}},"5":{"start":{"line":13,"column":13},"end":{"line":13,"column":27}},"6":{"start":{"line":13,"column":13},"end":{"line":13,"column":null}}},"fnMap":{},"branchMap":{},"s":{"0":0,"1":0,"2":0,"3":0,"4":0,"5":0,"6":0},"f":{},"b":{}}
,"/home/azureuser/Telehealings Project/packages/backend/src/bookings/bookings.service.ts": {"path":"/home/azureuser/Telehealings Project/packages/backend/src/bookings/bookings.service.ts","statementMap":{"0":{"start":{"line":2,"column":0},"end":{"line":2,"column":44}},"1":{"start":{"line":3,"column":0},"end":{"line":3,"column":57}},"2":{"start":{"line":6,"column":7},"end":{"line":40,"column":null}},"3":{"start":{"line":7,"column":22},"end":{"line":7,"column":30}},"4":{"start":{"line":10,"column":44},"end":{"line":10,"column":50}},"5":{"start":{"line":11,"column":4},"end":{"line":16,"column":7}},"6":{"start":{"line":20,"column":4},"end":{"line":20,"column":61}},"7":{"start":{"line":24,"column":4},"end":{"line":24,"column":48}},"8":{"start":{"line":28,"column":4},"end":{"line":31,"column":7}},"9":{"start":{"line":35,"column":4},"end":{"line":38,"column":7}},"10":{"start":{"line":6,"column":13},"end":{"line":6,"column":28}},"11":{"start":{"line":6,"column":13},"end":{"line":40,"column":null}}},"fnMap":{"0":{"name":"(anonymous_2)","decl":{"start":{"line":7,"column":2},"end":{"line":7,"column":22}},"loc":{"start":{"line":7,"column":43},"end":{"line":7,"column":47}}},"1":{"name":"(anonymous_3)","decl":{"start":{"line":9,"column":2},"end":{"line":9,"column":7}},"loc":{"start":{"line":9,"column":73},"end":{"line":17,"column":3}}},"2":{"name":"(anonymous_4)","decl":{"start":{"line":19,"column":2},"end":{"line":19,"column":7}},"loc":{"start":{"line":19,"column":26},"end":{"line":21,"column":3}}},"3":{"name":"(anonymous_5)","decl":{"start":{"line":23,"column":2},"end":{"line":23,"column":7}},"loc":{"start":{"line":23,"column":24},"end":{"line":25,"column":3}}},"4":{"name":"(anonymous_6)","decl":{"start":{"line":27,"column":2},"end":{"line":27,"column":7}},"loc":{"start":{"line":27,"column":47},"end":{"line":32,"column":3}}},"5":{"name":"(anonymous_7)","decl":{"start":{"line":34,"column":2},"end":{"line":34,"column":7}},"loc":{"start":{"line":34,"column":25},"end":{"line":39,"column":3}}}},"branchMap":{"0":{"loc":{"start":{"line":10,"column":12},"end":{"line":10,"column":20}},"type":"default-arg","locations":[{"start":{"line":10,"column":19},"end":{"line":10,"column":20}}]},"1":{"loc":{"start":{"line":10,"column":22},"end":{"line":10,"column":31}},"type":"default-arg","locations":[{"start":{"line":10,"column":29},"end":{"line":10,"column":31}}]},"2":{"loc":{"start":{"line":14,"column":13},"end":{"line":14,"column":59}},"type":"cond-expr","locations":[{"start":{"line":14,"column":22},"end":{"line":14,"column":47}},{"start":{"line":14,"column":50},"end":{"line":14,"column":59}}]},"3":{"loc":{"start":{"line":7,"column":30},"end":{"line":7,"column":46}},"type":"cond-expr","locations":[{"start":{"line":7,"column":43},"end":{"line":7,"column":46}},{"start":{"line":7,"column":43},"end":{"line":7,"column":46}}]},"4":{"loc":{"start":{"line":7,"column":30},"end":{"line":7,"column":43}},"type":"binary-expr","locations":[{"start":{"line":7,"column":30},"end":{"line":7,"column":46}},{"start":{"line":7,"column":30},"end":{"line":7,"column":43}}]}},"s":{"0":1,"1":1,"2":1,"3":6,"4":2,"5":2,"6":1,"7":1,"8":1,"9":1,"10":1,"11":1},"f":{"0":6,"1":2,"2":1,"3":1,"4":1,"5":1},"b":{"0":[1],"1":[1],"2":[1,1],"3":[1,0],"4":[1,1]}}
,"/home/azureuser/Telehealings Project/packages/backend/src/bookings/dto.ts": {"path":"/home/azureuser/Telehealings Project/packages/backend/src/bookings/dto.ts","statementMap":{"0":{"start":{"line":1,"column":0},"end":{"line":1,"column":77}},"1":{"start":{"line":3,"column":0},"end":{"line":3,"column":13}},"2":{"start":{"line":5,"column":2},"end":{"line":5,"column":null}},"3":{"start":{"line":8,"column":2},"end":{"line":8,"column":null}},"4":{"start":{"line":12,"column":2},"end":{"line":12,"column":null}},"5":{"start":{"line":15,"column":2},"end":{"line":15,"column":null}},"6":{"start":{"line":18,"column":0},"end":{"line":18,"column":13}},"7":{"start":{"line":20,"column":2},"end":{"line":20,"column":null}}},"fnMap":{},"branchMap":{},"s":{"0":0,"1":0,"2":0,"3":0,"4":0,"5":0,"6":0,"7":0},"f":{},"b":{}}
,"/home/azureuser/Telehealings Project/packages/backend/src/clients/clients.controller.ts": {"path":"/home/azureuser/Telehealings Project/packages/backend/src/clients/clients.controller.ts","statementMap":{"0":{"start":{"line":1,"column":0},"end":{"line":1,"column":91}},"1":{"start":{"line":2,"column":0},"end":{"line":2,"column":51}},"2":{"start":{"line":3,"column":0},"end":{"line":3,"column":54}},"3":{"start":{"line":4,"column":0},"end":{"line":4,"column":49}},"4":{"start":{"line":5,"column":0},"end":{"line":5,"column":54}},"5":{"start":{"line":6,"column":0},"end":{"line":6,"column":47}},"6":{"start":{"line":10,"column":7},"end":{"line":38,"column":null}},"7":{"start":{"line":11,"column":22},"end":{"line":11,"column":38}},"8":{"start":{"line":16,"column":4},"end":{"line":16,"column":43}},"9":{"start":{"line":21,"column":4},"end":{"line":21,"column":43}},"10":{"start":{"line":26,"column":4},"end":{"line":26,"column":64}},"11":{"start":{"line":31,"column":4},"end":{"line":31,"column":64}},"12":{"start":{"line":36,"column":4},"end":{"line":36,"column":47}},"13":{"start":{"line":10,"column":13},"end":{"line":10,"column":30}},"14":{"start":{"line":15,"column":8},"end":{"line":17,"column":null}},"15":{"start":{"line":20,"column":8},"end":{"line":22,"column":null}},"16":{"start":{"line":25,"column":8},"end":{"line":27,"column":null}},"17":{"start":{"line":30,"column":8},"end":{"line":32,"column":null}},"18":{"start":{"line":35,"column":8},"end":{"line":37,"column":null}},"19":{"start":{"line":10,"column":13},"end":{"line":38,"column":null}}},"fnMap":{"0":{"name":"(anonymous_4)","decl":{"start":{"line":11,"column":2},"end":{"line":11,"column":22}},"loc":{"start":{"line":11,"column":52},"end":{"line":11,"column":56}}},"1":{"name":"(anonymous_5)","decl":{"start":{"line":15,"column":2},"end":{"line":15,"column":7}},"loc":{"start":{"line":15,"column":15},"end":{"line":17,"column":3}}},"2":{"name":"(anonymous_6)","decl":{"start":{"line":20,"column":2},"end":{"line":20,"column":7}},"loc":{"start":{"line":20,"column":39},"end":{"line":22,"column":3}}},"3":{"name":"(anonymous_7)","decl":{"start":{"line":25,"column":2},"end":{"line":25,"column":7}},"loc":{"start":{"line":25,"column":75},"end":{"line":27,"column":3}}},"4":{"name":"(anonymous_8)","decl":{"start":{"line":30,"column":2},"end":{"line":30,"column":7}},"loc":{"start":{"line":30,"column":75},"end":{"line":32,"column":3}}},"5":{"name":"(anonymous_9)","decl":{"start":{"line":35,"column":2},"end":{"line":35,"column":7}},"loc":{"start":{"line":35,"column":43},"end":{"line":37,"column":3}}}},"branchMap":{"0":{"loc":{"start":{"line":25,"column":53},"end":{"line":25,"column":null}},"type":"cond-expr","locations":[{"start":{"line":25,"column":75},"end":{"line":25,"column":null}},{"start":{"line":25,"column":75},"end":{"line":25,"column":null}}]},"1":{"loc":{"start":{"line":25,"column":53},"end":{"line":25,"column":75}},"type":"binary-expr","locations":[{"start":{"line":25,"column":53},"end":{"line":25,"column":null}},{"start":{"line":25,"column":53},"end":{"line":25,"column":75}}]},"2":{"loc":{"start":{"line":30,"column":53},"end":{"line":30,"column":null}},"type":"cond-expr","locations":[{"start":{"line":30,"column":75},"end":{"line":30,"column":null}},{"start":{"line":30,"column":75},"end":{"line":30,"column":null}}]},"3":{"loc":{"start":{"line":30,"column":53},"end":{"line":30,"column":75}},"type":"binary-expr","locations":[{"start":{"line":30,"column":53},"end":{"line":30,"column":null}},{"start":{"line":30,"column":53},"end":{"line":30,"column":75}}]},"4":{"loc":{"start":{"line":11,"column":38},"end":{"line":11,"column":55}},"type":"cond-expr","locations":[{"start":{"line":11,"column":52},"end":{"line":11,"column":55}},{"start":{"line":11,"column":52},"end":{"line":11,"column":55}}]},"5":{"loc":{"start":{"line":11,"column":38},"end":{"line":11,"column":52}},"type":"binary-expr","locations":[{"start":{"line":11,"column":38},"end":{"line":11,"column":55}},{"start":{"line":11,"column":38},"end":{"line":11,"column":52}}]}},"s":{"0":0,"1":0,"2":0,"3":0,"4":0,"5":0,"6":0,"7":0,"8":0,"9":0,"10":0,"11":0,"12":0,"13":0,"14":0,"15":0,"16":0,"17":0,"18":0,"19":0},"f":{"0":0,"1":0,"2":0,"3":0,"4":0,"5":0},"b":{"0":[0,0],"1":[0,0],"2":[0,0],"3":[0,0],"4":[0,0],"5":[0,0]}}
,"/home/azureuser/Telehealings Project/packages/backend/src/clients/clients.module.ts": {"path":"/home/azureuser/Telehealings Project/packages/backend/src/clients/clients.module.ts","statementMap":{"0":{"start":{"line":2,"column":0},"end":{"line":2,"column":40}},"1":{"start":{"line":3,"column":0},"end":{"line":3,"column":51}},"2":{"start":{"line":4,"column":0},"end":{"line":4,"column":57}},"3":{"start":{"line":5,"column":0},"end":{"line":5,"column":55}},"4":{"start":{"line":13,"column":7},"end":{"line":13,"column":null}},"5":{"start":{"line":13,"column":13},"end":{"line":13,"column":26}},"6":{"start":{"line":13,"column":13},"end":{"line":13,"column":null}}},"fnMap":{},"branchMap":{},"s":{"0":0,"1":0,"2":0,"3":0,"4":0,"5":0,"6":0},"f":{},"b":{}}
,"/home/azureuser/Telehealings Project/packages/backend/src/clients/clients.service.ts": {"path":"/home/azureuser/Telehealings Project/packages/backend/src/clients/clients.service.ts","statementMap":{"0":{"start":{"line":1,"column":0},"end":{"line":1,"column":44}},"1":{"start":{"line":2,"column":0},"end":{"line":2,"column":57}},"2":{"start":{"line":5,"column":7},"end":{"line":45,"column":null}},"3":{"start":{"line":6,"column":22},"end":{"line":6,"column":30}},"4":{"start":{"line":9,"column":36},"end":{"line":9,"column":42}},"5":{"start":{"line":10,"column":4},"end":{"line":15,"column":7}},"6":{"start":{"line":19,"column":4},"end":{"line":22,"column":7}},"7":{"start":{"line":26,"column":4},"end":{"line":28,"column":7}},"8":{"start":{"line":32,"column":4},"end":{"line":35,"column":7}},"9":{"start":{"line":39,"column":4},"end":{"line":43,"column":7}},"10":{"start":{"line":5,"column":13},"end":{"line":5,"column":27}},"11":{"start":{"line":5,"column":13},"end":{"line":45,"column":null}}},"fnMap":{"0":{"name":"(anonymous_2)","decl":{"start":{"line":6,"column":2},"end":{"line":6,"column":22}},"loc":{"start":{"line":6,"column":43},"end":{"line":6,"column":47}}},"1":{"name":"(anonymous_3)","decl":{"start":{"line":8,"column":2},"end":{"line":8,"column":7}},"loc":{"start":{"line":8,"column":56},"end":{"line":16,"column":3}}},"2":{"name":"(anonymous_4)","decl":{"start":{"line":18,"column":2},"end":{"line":18,"column":7}},"loc":{"start":{"line":18,"column":26},"end":{"line":23,"column":3}}},"3":{"name":"(anonymous_5)","decl":{"start":{"line":25,"column":2},"end":{"line":25,"column":7}},"loc":{"start":{"line":25,"column":47},"end":{"line":29,"column":3}}},"4":{"name":"(anonymous_6)","decl":{"start":{"line":31,"column":2},"end":{"line":31,"column":7}},"loc":{"start":{"line":31,"column":47},"end":{"line":36,"column":3}}},"5":{"name":"(anonymous_7)","decl":{"start":{"line":38,"column":2},"end":{"line":38,"column":7}},"loc":{"start":{"line":38,"column":36},"end":{"line":44,"column":3}}}},"branchMap":{"0":{"loc":{"start":{"line":9,"column":12},"end":{"line":9,"column":20}},"type":"default-arg","locations":[{"start":{"line":9,"column":19},"end":{"line":9,"column":20}}]},"1":{"loc":{"start":{"line":9,"column":22},"end":{"line":9,"column":31}},"type":"default-arg","locations":[{"start":{"line":9,"column":29},"end":{"line":9,"column":31}}]},"2":{"loc":{"start":{"line":6,"column":30},"end":{"line":6,"column":46}},"type":"cond-expr","locations":[{"start":{"line":6,"column":43},"end":{"line":6,"column":46}},{"start":{"line":6,"column":43},"end":{"line":6,"column":46}}]},"3":{"loc":{"start":{"line":6,"column":30},"end":{"line":6,"column":43}},"type":"binary-expr","locations":[{"start":{"line":6,"column":30},"end":{"line":6,"column":46}},{"start":{"line":6,"column":30},"end":{"line":6,"column":43}}]}},"s":{"0":1,"1":1,"2":1,"3":5,"4":1,"5":1,"6":1,"7":1,"8":1,"9":1,"10":1,"11":1},"f":{"0":5,"1":1,"2":1,"3":1,"4":1,"5":1},"b":{"0":[0],"1":[0],"2":[1,0],"3":[1,1]}}
,"/home/azureuser/Telehealings Project/packages/backend/src/clients/dto.ts": {"path":"/home/azureuser/Telehealings Project/packages/backend/src/clients/dto.ts","statementMap":{"0":{"start":{"line":1,"column":0},"end":{"line":1,"column":69}},"1":{"start":{"line":3,"column":0},"end":{"line":3,"column":13}},"2":{"start":{"line":5,"column":2},"end":{"line":5,"column":null}},"3":{"start":{"line":8,"column":2},"end":{"line":8,"column":null}},"4":{"start":{"line":12,"column":2},"end":{"line":12,"column":null}},"5":{"start":{"line":16,"column":2},"end":{"line":16,"column":null}},"6":{"start":{"line":20,"column":2},"end":{"line":20,"column":null}},"7":{"start":{"line":24,"column":2},"end":{"line":24,"column":null}},"8":{"start":{"line":28,"column":2},"end":{"line":28,"column":null}},"9":{"start":{"line":32,"column":2},"end":{"line":32,"column":null}}},"fnMap":{},"branchMap":{},"s":{"0":0,"1":0,"2":0,"3":0,"4":0,"5":0,"6":0,"7":0,"8":0,"9":0},"f":{},"b":{}}
,"/home/azureuser/Telehealings Project/packages/backend/src/common/index.ts": {"path":"/home/azureuser/Telehealings Project/packages/backend/src/common/index.ts","statementMap":{"0":{"start":{"line":2,"column":0},"end":{"line":2,"column":32}},"1":{"start":{"line":3,"column":0},"end":{"line":3,"column":33}}},"fnMap":{},"branchMap":{},"s":{"0":0,"1":0},"f":{},"b":{}}
,"/home/azureuser/Telehealings Project/packages/backend/src/common/prisma.module.ts": {"path":"/home/azureuser/Telehealings Project/packages/backend/src/common/prisma.module.ts","statementMap":{"0":{"start":{"line":2,"column":0},"end":{"line":2,"column":48}},"1":{"start":{"line":3,"column":0},"end":{"line":3,"column":46}},"2":{"start":{"line":4,"column":0},"end":{"line":4,"column":49}},"3":{"start":{"line":12,"column":7},"end":{"line":12,"column":null}},"4":{"start":{"line":12,"column":13},"end":{"line":12,"column":25}},"5":{"start":{"line":12,"column":13},"end":{"line":12,"column":null}}},"fnMap":{},"branchMap":{},"s":{"0":0,"1":0,"2":0,"3":0,"4":0,"5":0},"f":{},"b":{}}
,"/home/azureuser/Telehealings Project/packages/backend/src/common/prisma.service.ts": {"path":"/home/azureuser/Telehealings Project/packages/backend/src/common/prisma.service.ts","statementMap":{"0":{"start":{"line":2,"column":0},"end":{"line":2,"column":75}},"1":{"start":{"line":3,"column":0},"end":{"line":3,"column":46}},"2":{"start":{"line":4,"column":0},"end":{"line":4,"column":47}},"3":{"start":{"line":5,"column":0},"end":{"line":5,"column":46}},"4":{"start":{"line":6,"column":0},"end":{"line":6,"column":26}},"5":{"start":{"line":9,"column":7},"end":{"line":24,"column":null}},"6":{"start":{"line":11,"column":18},"end":{"line":11,"column":59}},"7":{"start":{"line":12,"column":17},"end":{"line":12,"column":54}},"8":{"start":{"line":13,"column":20},"end":{"line":13,"column":38}},"9":{"start":{"line":14,"column":4},"end":{"line":14,"column":23}},"10":{"start":{"line":10,"column":31},"end":{"line":10,"column":46}},"11":{"start":{"line":18,"column":4},"end":{"line":18,"column":26}},"12":{"start":{"line":22,"column":4},"end":{"line":22,"column":29}},"13":{"start":{"line":9,"column":13},"end":{"line":9,"column":26}},"14":{"start":{"line":9,"column":13},"end":{"line":24,"column":null}}},"fnMap":{"0":{"name":"(anonymous_2)","decl":{"start":{"line":10,"column":2},"end":{"line":10,"column":31}},"loc":{"start":{"line":10,"column":59},"end":{"line":15,"column":3}}},"1":{"name":"(anonymous_3)","decl":{"start":{"line":17,"column":2},"end":{"line":17,"column":7}},"loc":{"start":{"line":17,"column":20},"end":{"line":19,"column":3}}},"2":{"name":"(anonymous_4)","decl":{"start":{"line":21,"column":2},"end":{"line":21,"column":7}},"loc":{"start":{"line":21,"column":23},"end":{"line":23,"column":3}}}},"branchMap":{"0":{"loc":{"start":{"line":10,"column":46},"end":{"line":10,"column":null}},"type":"cond-expr","locations":[{"start":{"line":10,"column":59},"end":{"line":10,"column":null}},{"start":{"line":10,"column":59},"end":{"line":10,"column":null}}]},"1":{"loc":{"start":{"line":10,"column":46},"end":{"line":10,"column":59}},"type":"binary-expr","locations":[{"start":{"line":10,"column":46},"end":{"line":10,"column":null}},{"start":{"line":10,"column":46},"end":{"line":10,"column":59}}]}},"s":{"0":11,"1":11,"2":11,"3":11,"4":11,"5":11,"6":0,"7":0,"8":0,"9":0,"10":0,"11":0,"12":0,"13":11,"14":11},"f":{"0":0,"1":0,"2":0},"b":{"0":[11,0],"1":[11,11]}}
,"/home/azureuser/Telehealings Project/packages/backend/src/modules/chat/chat.controller.ts": {"path":"/home/azureuser/Telehealings Project/packages/backend/src/modules/chat/chat.controller.ts","statementMap":{"0":{"start":{"line":1,"column":0},"end":{"line":1,"column":null}},"1":{"start":{"line":11,"column":0},"end":{"line":11,"column":45}},"2":{"start":{"line":12,"column":0},"end":{"line":12,"column":57}},"3":{"start":{"line":16,"column":7},"end":{"line":67,"column":null}},"4":{"start":{"line":17,"column":31},"end":{"line":17,"column":44}},"5":{"start":{"line":26,"column":19},"end":{"line":26,"column":30}},"6":{"start":{"line":27,"column":19},"end":{"line":31,"column":null}},"7":{"start":{"line":33,"column":4},"end":{"line":36,"column":6}},"8":{"start":{"line":45,"column":19},"end":{"line":45,"column":30}},"9":{"start":{"line":46,"column":20},"end":{"line":49,"column":null}},"10":{"start":{"line":51,"column":4},"end":{"line":51,"column":19}},"11":{"start":{"line":59,"column":19},"end":{"line":59,"column":30}},"12":{"start":{"line":60,"column":24},"end":{"line":60,"column":47}},"13":{"start":{"line":61,"column":4},"end":{"line":64,"column":5}},"14":{"start":{"line":62,"column":21},"end":{"line":62,"column":78}},"15":{"start":{"line":63,"column":6},"end":{"line":63,"column":39}},"16":{"start":{"line":65,"column":4},"end":{"line":65,"column":35}},"17":{"start":{"line":16,"column":13},"end":{"line":16,"column":27}},"18":{"start":{"line":20,"column":8},"end":{"line":37,"column":null}},"19":{"start":{"line":40,"column":8},"end":{"line":52,"column":null}},"20":{"start":{"line":55,"column":8},"end":{"line":66,"column":null}},"21":{"start":{"line":16,"column":13},"end":{"line":67,"column":null}}},"fnMap":{"0":{"name":"(anonymous_4)","decl":{"start":{"line":17,"column":2},"end":{"line":17,"column":31}},"loc":{"start":{"line":17,"column":55},"end":{"line":17,"column":59}}},"1":{"name":"(anonymous_5)","decl":{"start":{"line":20,"column":2},"end":{"line":20,"column":7}},"loc":{"start":{"line":24,"column":19},"end":{"line":37,"column":3}}},"2":{"name":"(anonymous_6)","decl":{"start":{"line":40,"column":2},"end":{"line":40,"column":7}},"loc":{"start":{"line":43,"column":19},"end":{"line":52,"column":3}}},"3":{"name":"(anonymous_7)","decl":{"start":{"line":55,"column":2},"end":{"line":55,"column":7}},"loc":{"start":{"line":57,"column":19},"end":{"line":66,"column":3}}}},"branchMap":{"0":{"loc":{"start":{"line":22,"column":20},"end":{"line":22,"column":38}},"type":"default-arg","locations":[{"start":{"line":22,"column":36},"end":{"line":22,"column":38}}]},"1":{"loc":{"start":{"line":23,"column":21},"end":{"line":23,"column":39}},"type":"default-arg","locations":[{"start":{"line":23,"column":38},"end":{"line":23,"column":39}}]},"2":{"loc":{"start":{"line":61,"column":4},"end":{"line":64,"column":5}},"type":"if","locations":[{"start":{"line":61,"column":4},"end":{"line":64,"column":5}}]},"3":{"loc":{"start":{"line":17,"column":44},"end":{"line":17,"column":58}},"type":"cond-expr","locations":[{"start":{"line":17,"column":55},"end":{"line":17,"column":58}},{"start":{"line":17,"column":55},"end":{"line":17,"column":58}}]},"4":{"loc":{"start":{"line":17,"column":44},"end":{"line":17,"column":55}},"type":"binary-expr","locations":[{"start":{"line":17,"column":44},"end":{"line":17,"column":58}},{"start":{"line":17,"column":44},"end":{"line":17,"column":55}}]}},"s":{"0":0,"1":0,"2":0,"3":0,"4":0,"5":0,"6":0,"7":0,"8":0,"9":0,"10":0,"11":0,"12":0,"13":0,"14":0,"15":0,"16":0,"17":0,"18":0,"19":0,"20":0,"21":0},"f":{"0":0,"1":0,"2":0,"3":0},"b":{"0":[0],"1":[0],"2":[0],"3":[0,0],"4":[0,0]}}
,"/home/azureuser/Telehealings Project/packages/backend/src/modules/chat/chat.gateway.ts": {"path":"/home/azureuser/Telehealings Project/packages/backend/src/modules/chat/chat.gateway.ts","statementMap":{"0":{"start":{"line":2,"column":0},"end":{"line":2,"column":null}},"1":{"start":{"line":11,"column":0},"end":{"line":11,"column":43}},"2":{"start":{"line":12,"column":0},"end":{"line":12,"column":51}},"3":{"start":{"line":13,"column":0},"end":{"line":13,"column":45}},"4":{"start":{"line":14,"column":0},"end":{"line":14,"column":56}},"5":{"start":{"line":15,"column":0},"end":{"line":15,"column":50}},"6":{"start":{"line":16,"column":0},"end":{"line":16,"column":44}},"7":{"start":{"line":30,"column":24},"end":{"line":255,"column":null}},"8":{"start":{"line":34,"column":28},"end":{"line":34,"column":56}},"9":{"start":{"line":37,"column":27},"end":{"line":37,"column":60}},"10":{"start":{"line":39,"column":31},"end":{"line":39,"column":44}},"11":{"start":{"line":42,"column":17},"end":{"line":42,"column":34}},"12":{"start":{"line":43,"column":4},"end":{"line":47,"column":5}},"13":{"start":{"line":44,"column":6},"end":{"line":44,"column":95}},"14":{"start":{"line":46,"column":6},"end":{"line":46,"column":74}},"15":{"start":{"line":51,"column":17},"end":{"line":51,"column":34}},"16":{"start":{"line":52,"column":4},"end":{"line":52,"column":90}},"17":{"start":{"line":55,"column":22},"end":{"line":55,"column":43}},"18":{"start":{"line":56,"column":20},"end":{"line":56,"column":54}},"19":{"start":{"line":57,"column":4},"end":{"line":60,"column":5}},"20":{"start":{"line":58,"column":6},"end":{"line":58,"column":28}},"21":{"start":{"line":59,"column":6},"end":{"line":59,"column":44}},"22":{"start":{"line":63,"column":4},"end":{"line":73,"column":5}},"23":{"start":{"line":64,"column":6},"end":{"line":72,"column":7}},"24":{"start":{"line":65,"column":8},"end":{"line":71,"column":9}},"25":{"start":{"line":66,"column":10},"end":{"line":70,"column":13}},"26":{"start":{"line":81,"column":17},"end":{"line":81,"column":34}},"27":{"start":{"line":82,"column":4},"end":{"line":84,"column":5}},"28":{"start":{"line":83,"column":6},"end":{"line":83,"column":39}},"29":{"start":{"line":86,"column":26},"end":{"line":86,"column":30}},"30":{"start":{"line":89,"column":26},"end":{"line":89,"column":89}},"31":{"start":{"line":90,"column":4},"end":{"line":92,"column":5}},"32":{"start":{"line":91,"column":6},"end":{"line":91,"column":68}},"33":{"start":{"line":95,"column":21},"end":{"line":95,"column":43}},"34":{"start":{"line":96,"column":4},"end":{"line":96,"column":32}},"35":{"start":{"line":98,"column":4},"end":{"line":98,"column":63}},"36":{"start":{"line":100,"column":4},"end":{"line":100,"column":45}},"37":{"start":{"line":108,"column":17},"end":{"line":108,"column":34}},"38":{"start":{"line":109,"column":4},"end":{"line":111,"column":5}},"39":{"start":{"line":110,"column":6},"end":{"line":110,"column":39}},"40":{"start":{"line":113,"column":26},"end":{"line":113,"column":30}},"41":{"start":{"line":114,"column":21},"end":{"line":114,"column":43}},"42":{"start":{"line":115,"column":4},"end":{"line":115,"column":33}},"43":{"start":{"line":118,"column":22},"end":{"line":118,"column":43}},"44":{"start":{"line":119,"column":20},"end":{"line":119,"column":54}},"45":{"start":{"line":120,"column":4},"end":{"line":123,"column":5}},"46":{"start":{"line":121,"column":6},"end":{"line":121,"column":28}},"47":{"start":{"line":122,"column":6},"end":{"line":122,"column":44}},"48":{"start":{"line":125,"column":4},"end":{"line":129,"column":7}},"49":{"start":{"line":131,"column":4},"end":{"line":131,"column":61}},"50":{"start":{"line":133,"column":4},"end":{"line":133,"column":29}},"51":{"start":{"line":141,"column":17},"end":{"line":141,"column":34}},"52":{"start":{"line":142,"column":4},"end":{"line":144,"column":5}},"53":{"start":{"line":143,"column":6},"end":{"line":143,"column":39}},"54":{"start":{"line":146,"column":35},"end":{"line":146,"column":39}},"55":{"start":{"line":148,"column":4},"end":{"line":181,"column":5}},"56":{"start":{"line":149,"column":22},"end":{"line":149,"column":85}},"57":{"start":{"line":151,"column":23},"end":{"line":151,"column":45}},"58":{"start":{"line":154,"column":6},"end":{"line":162,"column":9}},"59":{"start":{"line":165,"column":24},"end":{"line":165,"column":45}},"60":{"start":{"line":166,"column":22},"end":{"line":166,"column":56}},"61":{"start":{"line":167,"column":6},"end":{"line":170,"column":7}},"62":{"start":{"line":168,"column":8},"end":{"line":168,"column":30}},"63":{"start":{"line":169,"column":8},"end":{"line":169,"column":46}},"64":{"start":{"line":172,"column":6},"end":{"line":176,"column":9}},"65":{"start":{"line":178,"column":6},"end":{"line":178,"column":40}},"66":{"start":{"line":180,"column":6},"end":{"line":180,"column":38}},"67":{"start":{"line":189,"column":17},"end":{"line":189,"column":34}},"68":{"start":{"line":190,"column":4},"end":{"line":192,"column":5}},"69":{"start":{"line":191,"column":6},"end":{"line":191,"column":39}},"70":{"start":{"line":194,"column":36},"end":{"line":194,"column":40}},"71":{"start":{"line":195,"column":21},"end":{"line":195,"column":43}},"72":{"start":{"line":198,"column":4},"end":{"line":200,"column":5}},"73":{"start":{"line":199,"column":6},"end":{"line":199,"column":56}},"74":{"start":{"line":203,"column":4},"end":{"line":207,"column":7}},"75":{"start":{"line":210,"column":22},"end":{"line":210,"column":43}},"76":{"start":{"line":211,"column":28},"end":{"line":211,"column":62}},"77":{"start":{"line":212,"column":4},"end":{"line":214,"column":5}},"78":{"start":{"line":213,"column":6},"end":{"line":213,"column":36}},"79":{"start":{"line":216,"column":4},"end":{"line":226,"column":5}},"80":{"start":{"line":217,"column":22},"end":{"line":224,"column":14}},"81":{"start":{"line":218,"column":8},"end":{"line":218,"column":46}},"82":{"start":{"line":219,"column":8},"end":{"line":223,"column":11}},"83":{"start":{"line":225,"column":6},"end":{"line":225,"column":50}},"84":{"start":{"line":228,"column":4},"end":{"line":228,"column":29}},"85":{"start":{"line":236,"column":17},"end":{"line":236,"column":34}},"86":{"start":{"line":237,"column":4},"end":{"line":239,"column":5}},"87":{"start":{"line":238,"column":6},"end":{"line":238,"column":39}},"88":{"start":{"line":241,"column":50},"end":{"line":241,"column":54}},"89":{"start":{"line":243,"column":4},"end":{"line":253,"column":5}},"90":{"start":{"line":244,"column":21},"end":{"line":248,"column":null}},"91":{"start":{"line":250,"column":6},"end":{"line":250,"column":79}},"92":{"start":{"line":252,"column":6},"end":{"line":252,"column":38}},"93":{"start":{"line":30,"column":13},"end":{"line":30,"column":24}},"94":{"start":{"line":32,"column":2},"end":{"line":32,"column":null}},"95":{"start":{"line":77,"column":8},"end":{"line":101,"column":null}},"96":{"start":{"line":104,"column":8},"end":{"line":134,"column":null}},"97":{"start":{"line":137,"column":8},"end":{"line":182,"column":null}},"98":{"start":{"line":185,"column":8},"end":{"line":229,"column":null}},"99":{"start":{"line":232,"column":8},"end":{"line":254,"column":null}},"100":{"start":{"line":30,"column":13},"end":{"line":255,"column":null}}},"fnMap":{"0":{"name":"(anonymous_4)","decl":{"start":{"line":39,"column":2},"end":{"line":39,"column":31}},"loc":{"start":{"line":39,"column":55},"end":{"line":39,"column":59}}},"1":{"name":"(anonymous_5)","decl":{"start":{"line":41,"column":2},"end":{"line":41,"column":18}},"loc":{"start":{"line":41,"column":33},"end":{"line":48,"column":3}}},"2":{"name":"(anonymous_6)","decl":{"start":{"line":50,"column":2},"end":{"line":50,"column":18}},"loc":{"start":{"line":50,"column":33},"end":{"line":74,"column":3}}},"3":{"name":"(anonymous_7)","decl":{"start":{"line":77,"column":2},"end":{"line":77,"column":7}},"loc":{"start":{"line":79,"column":36},"end":{"line":101,"column":3}}},"4":{"name":"(anonymous_8)","decl":{"start":{"line":104,"column":2},"end":{"line":104,"column":7}},"loc":{"start":{"line":106,"column":36},"end":{"line":134,"column":3}}},"5":{"name":"(anonymous_9)","decl":{"start":{"line":137,"column":2},"end":{"line":137,"column":7}},"loc":{"start":{"line":139,"column":39},"end":{"line":182,"column":3}}},"6":{"name":"(anonymous_10)","decl":{"start":{"line":185,"column":2},"end":{"line":185,"column":7}},"loc":{"start":{"line":187,"column":65},"end":{"line":229,"column":3}}},"7":{"name":"(anonymous_11)","decl":{"start":{"line":217,"column":33},"end":{"line":217,"column":36}},"loc":{"start":{"line":217,"column":38},"end":{"line":224,"column":7}}},"8":{"name":"(anonymous_12)","decl":{"start":{"line":232,"column":2},"end":{"line":232,"column":7}},"loc":{"start":{"line":234,"column":79},"end":{"line":254,"column":3}}}},"branchMap":{"0":{"loc":{"start":{"line":43,"column":4},"end":{"line":47,"column":5}},"type":"if","locations":[{"start":{"line":43,"column":4},"end":{"line":47,"column":5}},{"start":{"line":45,"column":11},"end":{"line":47,"column":5}}]},"1":{"loc":{"start":{"line":52,"column":64},"end":{"line":52,"column":85}},"type":"binary-expr","locations":[{"start":{"line":52,"column":64},"end":{"line":52,"column":72}},{"start":{"line":52,"column":76},"end":{"line":52,"column":85}}]},"2":{"loc":{"start":{"line":57,"column":4},"end":{"line":60,"column":5}},"type":"if","locations":[{"start":{"line":57,"column":4},"end":{"line":60,"column":5}}]},"3":{"loc":{"start":{"line":63,"column":4},"end":{"line":73,"column":5}},"type":"if","locations":[{"start":{"line":63,"column":4},"end":{"line":73,"column":5}}]},"4":{"loc":{"start":{"line":65,"column":8},"end":{"line":71,"column":9}},"type":"if","locations":[{"start":{"line":65,"column":8},"end":{"line":71,"column":9}}]},"5":{"loc":{"start":{"line":82,"column":4},"end":{"line":84,"column":5}},"type":"if","locations":[{"start":{"line":82,"column":4},"end":{"line":84,"column":5}}]},"6":{"loc":{"start":{"line":90,"column":4},"end":{"line":92,"column":5}},"type":"if","locations":[{"start":{"line":90,"column":4},"end":{"line":92,"column":5}}]},"7":{"loc":{"start":{"line":109,"column":4},"end":{"line":111,"column":5}},"type":"if","locations":[{"start":{"line":109,"column":4},"end":{"line":111,"column":5}}]},"8":{"loc":{"start":{"line":120,"column":4},"end":{"line":123,"column":5}},"type":"if","locations":[{"start":{"line":120,"column":4},"end":{"line":123,"column":5}}]},"9":{"loc":{"start":{"line":142,"column":4},"end":{"line":144,"column":5}},"type":"if","locations":[{"start":{"line":142,"column":4},"end":{"line":144,"column":5}}]},"10":{"loc":{"start":{"line":167,"column":6},"end":{"line":170,"column":7}},"type":"if","locations":[{"start":{"line":167,"column":6},"end":{"line":170,"column":7}}]},"11":{"loc":{"start":{"line":190,"column":4},"end":{"line":192,"column":5}},"type":"if","locations":[{"start":{"line":190,"column":4},"end":{"line":192,"column":5}}]},"12":{"loc":{"start":{"line":198,"column":4},"end":{"line":200,"column":5}},"type":"if","locations":[{"start":{"line":198,"column":4},"end":{"line":200,"column":5}}]},"13":{"loc":{"start":{"line":212,"column":4},"end":{"line":214,"column":5}},"type":"if","locations":[{"start":{"line":212,"column":4},"end":{"line":214,"column":5}}]},"14":{"loc":{"start":{"line":216,"column":4},"end":{"line":226,"column":5}},"type":"if","locations":[{"start":{"line":216,"column":4},"end":{"line":226,"column":5}}]},"15":{"loc":{"start":{"line":237,"column":4},"end":{"line":239,"column":5}},"type":"if","locations":[{"start":{"line":237,"column":4},"end":{"line":239,"column":5}}]},"16":{"loc":{"start":{"line":241,"column":23},"end":{"line":241,"column":33}},"type":"default-arg","locations":[{"start":{"line":241,"column":31},"end":{"line":241,"column":33}}]},"17":{"loc":{"start":{"line":241,"column":35},"end":{"line":241,"column":45}},"type":"default-arg","locations":[{"start":{"line":241,"column":44},"end":{"line":241,"column":45}}]},"18":{"loc":{"start":{"line":32,"column":10},"end":{"line":32,"column":17}},"type":"cond-expr","locations":[{"start":{"line":32,"column":16},"end":{"line":32,"column":17}},{"start":{"line":32,"column":16},"end":{"line":32,"column":17}}]},"19":{"loc":{"start":{"line":32,"column":10},"end":{"line":32,"column":16}},"type":"binary-expr","locations":[{"start":{"line":32,"column":10},"end":{"line":32,"column":17}},{"start":{"line":32,"column":10},"end":{"line":32,"column":16}}]},"20":{"loc":{"start":{"line":78,"column":31},"end":{"line":78,"column":null}},"type":"cond-expr","locations":[{"start":{"line":78,"column":37},"end":{"line":78,"column":null}},{"start":{"line":78,"column":37},"end":{"line":78,"column":null}}]},"21":{"loc":{"start":{"line":78,"column":31},"end":{"line":78,"column":37}},"type":"binary-expr","locations":[{"start":{"line":78,"column":31},"end":{"line":78,"column":null}},{"start":{"line":78,"column":31},"end":{"line":78,"column":37}}]},"22":{"loc":{"start":{"line":78,"column":37},"end":{"line":79,"column":null}},"type":"cond-expr","locations":[{"start":{"line":79,"column":36},"end":{"line":79,"column":null}},{"start":{"line":79,"column":36},"end":{"line":79,"column":null}}]},"23":{"loc":{"start":{"line":78,"column":37},"end":{"line":79,"column":36}},"type":"binary-expr","locations":[{"start":{"line":78,"column":37},"end":{"line":79,"column":null}},{"start":{"line":79,"column":25},"end":{"line":79,"column":36}}]},"24":{"loc":{"start":{"line":105,"column":31},"end":{"line":105,"column":null}},"type":"cond-expr","locations":[{"start":{"line":105,"column":37},"end":{"line":105,"column":null}},{"start":{"line":105,"column":37},"end":{"line":105,"column":null}}]},"25":{"loc":{"start":{"line":105,"column":31},"end":{"line":105,"column":37}},"type":"binary-expr","locations":[{"start":{"line":105,"column":31},"end":{"line":105,"column":null}},{"start":{"line":105,"column":31},"end":{"line":105,"column":37}}]},"26":{"loc":{"start":{"line":105,"column":37},"end":{"line":106,"column":null}},"type":"cond-expr","locations":[{"start":{"line":106,"column":36},"end":{"line":106,"column":null}},{"start":{"line":106,"column":36},"end":{"line":106,"column":null}}]},"27":{"loc":{"start":{"line":105,"column":37},"end":{"line":106,"column":36}},"type":"binary-expr","locations":[{"start":{"line":105,"column":37},"end":{"line":106,"column":null}},{"start":{"line":106,"column":25},"end":{"line":106,"column":36}}]},"28":{"loc":{"start":{"line":138,"column":31},"end":{"line":138,"column":null}},"type":"cond-expr","locations":[{"start":{"line":138,"column":37},"end":{"line":138,"column":null}},{"start":{"line":138,"column":37},"end":{"line":138,"column":null}}]},"29":{"loc":{"start":{"line":138,"column":31},"end":{"line":138,"column":37}},"type":"binary-expr","locations":[{"start":{"line":138,"column":31},"end":{"line":138,"column":null}},{"start":{"line":138,"column":31},"end":{"line":138,"column":37}}]},"30":{"loc":{"start":{"line":138,"column":37},"end":{"line":139,"column":null}},"type":"cond-expr","locations":[{"start":{"line":139,"column":39},"end":{"line":139,"column":null}},{"start":{"line":139,"column":39},"end":{"line":139,"column":null}}]},"31":{"loc":{"start":{"line":138,"column":37},"end":{"line":139,"column":39}},"type":"binary-expr","locations":[{"start":{"line":138,"column":37},"end":{"line":139,"column":null}},{"start":{"line":139,"column":25},"end":{"line":139,"column":39}}]},"32":{"loc":{"start":{"line":186,"column":31},"end":{"line":186,"column":null}},"type":"cond-expr","locations":[{"start":{"line":186,"column":37},"end":{"line":186,"column":null}},{"start":{"line":186,"column":37},"end":{"line":186,"column":null}}]},"33":{"loc":{"start":{"line":186,"column":31},"end":{"line":186,"column":37}},"type":"binary-expr","locations":[{"start":{"line":186,"column":31},"end":{"line":186,"column":null}},{"start":{"line":186,"column":31},"end":{"line":186,"column":37}}]},"34":{"loc":{"start":{"line":233,"column":31},"end":{"line":233,"column":null}},"type":"cond-expr","locations":[{"start":{"line":233,"column":37},"end":{"line":233,"column":null}},{"start":{"line":233,"column":37},"end":{"line":233,"column":null}}]},"35":{"loc":{"start":{"line":233,"column":31},"end":{"line":233,"column":37}},"type":"binary-expr","locations":[{"start":{"line":233,"column":31},"end":{"line":233,"column":null}},{"start":{"line":233,"column":31},"end":{"line":233,"column":37}}]},"36":{"loc":{"start":{"line":21,"column":6},"end":{"line":21,"column":55}},"type":"binary-expr","locations":[{"start":{"line":21,"column":6},"end":{"line":21,"column":28}},{"start":{"line":21,"column":32},"end":{"line":21,"column":55}}]},"37":{"loc":{"start":{"line":22,"column":6},"end":{"line":22,"column":58}},"type":"binary-expr","locations":[{"start":{"line":22,"column":6},"end":{"line":22,"column":31}},{"start":{"line":22,"column":35},"end":{"line":22,"column":58}}]},"38":{"loc":{"start":{"line":23,"column":6},"end":{"line":23,"column":54}},"type":"binary-expr","locations":[{"start":{"line":23,"column":6},"end":{"line":23,"column":27}},{"start":{"line":23,"column":31},"end":{"line":23,"column":54}}]},"39":{"loc":{"start":{"line":39,"column":44},"end":{"line":39,"column":58}},"type":"cond-expr","locations":[{"start":{"line":39,"column":55},"end":{"line":39,"column":58}},{"start":{"line":39,"column":55},"end":{"line":39,"column":58}}]},"40":{"loc":{"start":{"line":39,"column":44},"end":{"line":39,"column":55}},"type":"binary-expr","locations":[{"start":{"line":39,"column":44},"end":{"line":39,"column":58}},{"start":{"line":39,"column":44},"end":{"line":39,"column":55}}]}},"s":{"0":0,"1":0,"2":0,"3":0,"4":0,"5":0,"6":0,"7":0,"8":0,"9":0,"10":0,"11":0,"12":0,"13":0,"14":0,"15":0,"16":0,"17":0,"18":0,"19":0,"20":0,"21":0,"22":0,"23":0,"24":0,"25":0,"26":0,"27":0,"28":0,"29":0,"30":0,"31":0,"32":0,"33":0,"34":0,"35":0,"36":0,"37":0,"38":0,"39":0,"40":0,"41":0,"42":0,"43":0,"44":0,"45":0,"46":0,"47":0,"48":0,"49":0,"50":0,"51":0,"52":0,"53":0,"54":0,"55":0,"56":0,"57":0,"58":0,"59":0,"60":0,"61":0,"62":0,"63":0,"64":0,"65":0,"66":0,"67":0,"68":0,"69":0,"70":0,"71":0,"72":0,"73":0,"74":0,"75":0,"76":0,"77":0,"78":0,"79":0,"80":0,"81":0,"82":0,"83":0,"84":0,"85":0,"86":0,"87":0,"88":0,"89":0,"90":0,"91":0,"92":0,"93":0,"94":0,"95":0,"96":0,"97":0,"98":0,"99":0,"100":0},"f":{"0":0,"1":0,"2":0,"3":0,"4":0,"5":0,"6":0,"7":0,"8":0},"b":{"0":[0,0],"1":[0,0],"2":[0],"3":[0],"4":[0],"5":[0],"6":[0],"7":[0],"8":[0],"9":[0],"10":[0],"11":[0],"12":[0],"13":[0],"14":[0],"15":[0],"16":[0],"17":[0],"18":[0,0],"19":[0,0],"20":[0,0],"21":[0,0],"22":[0,0],"23":[0,0],"24":[0,0],"25":[0,0],"26":[0,0],"27":[0,0],"28":[0,0],"29":[0,0],"30":[0,0],"31":[0,0],"32":[0,0],"33":[0,0],"34":[0,0],"35":[0,0],"36":[0,0],"37":[0,0],"38":[0,0],"39":[0,0],"40":[0,0]}}
,"/home/azureuser/Telehealings Project/packages/backend/src/modules/chat/chat.module.ts": {"path":"/home/azureuser/Telehealings Project/packages/backend/src/modules/chat/chat.module.ts","statementMap":{"0":{"start":{"line":2,"column":0},"end":{"line":2,"column":40}},"1":{"start":{"line":3,"column":0},"end":{"line":3,"column":40}},"2":{"start":{"line":4,"column":0},"end":{"line":4,"column":61}},"3":{"start":{"line":5,"column":0},"end":{"line":5,"column":45}},"4":{"start":{"line":6,"column":0},"end":{"line":6,"column":45}},"5":{"start":{"line":7,"column":0},"end":{"line":7,"column":51}},"6":{"start":{"line":8,"column":0},"end":{"line":8,"column":44}},"7":{"start":{"line":9,"column":0},"end":{"line":9,"column":58}},"8":{"start":{"line":29,"column":7},"end":{"line":29,"column":null}},"9":{"start":{"line":29,"column":13},"end":{"line":29,"column":23}},"10":{"start":{"line":29,"column":13},"end":{"line":29,"column":null}},"11":{"start":{"line":16,"column":53},"end":{"line":21,"column":8}}},"fnMap":{"0":{"name":"(anonymous_1)","decl":{"start":{"line":16,"column":18},"end":{"line":16,"column":19}},"loc":{"start":{"line":16,"column":53},"end":{"line":21,"column":8}}}},"branchMap":{},"s":{"0":0,"1":0,"2":0,"3":0,"4":0,"5":0,"6":0,"7":0,"8":0,"9":0,"10":0,"11":0},"f":{"0":0},"b":{}}
,"/home/azureuser/Telehealings Project/packages/backend/src/modules/chat/chat.service.ts": {"path":"/home/azureuser/Telehealings Project/packages/backend/src/modules/chat/chat.service.ts","statementMap":{"0":{"start":{"line":2,"column":0},"end":{"line":2,"column":83}},"1":{"start":{"line":3,"column":0},"end":{"line":3,"column":60}},"2":{"start":{"line":6,"column":7},"end":{"line":86,"column":null}},"3":{"start":{"line":7,"column":31},"end":{"line":7,"column":39}},"4":{"start":{"line":11,"column":20},"end":{"line":13,"column":6}},"5":{"start":{"line":15,"column":4},"end":{"line":17,"column":5}},"6":{"start":{"line":16,"column":6},"end":{"line":16,"column":55}},"7":{"start":{"line":19,"column":4},"end":{"line":21,"column":5}},"8":{"start":{"line":20,"column":6},"end":{"line":20,"column":80}},"9":{"start":{"line":23,"column":4},"end":{"line":38,"column":7}},"10":{"start":{"line":43,"column":20},"end":{"line":45,"column":6}},"11":{"start":{"line":47,"column":4},"end":{"line":49,"column":5}},"12":{"start":{"line":48,"column":6},"end":{"line":48,"column":55}},"13":{"start":{"line":51,"column":4},"end":{"line":53,"column":5}},"14":{"start":{"line":52,"column":6},"end":{"line":52,"column":80}},"15":{"start":{"line":55,"column":21},"end":{"line":69,"column":6}},"16":{"start":{"line":71,"column":18},"end":{"line":73,"column":6}},"17":{"start":{"line":75,"column":4},"end":{"line":75,"column":31}},"18":{"start":{"line":79,"column":20},"end":{"line":81,"column":6}},"19":{"start":{"line":83,"column":4},"end":{"line":83,"column":31}},"20":{"start":{"line":83,"column":18},"end":{"line":83,"column":31}},"21":{"start":{"line":84,"column":4},"end":{"line":84,"column":73}},"22":{"start":{"line":6,"column":13},"end":{"line":6,"column":24}},"23":{"start":{"line":6,"column":13},"end":{"line":86,"column":null}}},"fnMap":{"0":{"name":"(anonymous_2)","decl":{"start":{"line":7,"column":2},"end":{"line":7,"column":31}},"loc":{"start":{"line":7,"column":52},"end":{"line":7,"column":56}}},"1":{"name":"(anonymous_3)","decl":{"start":{"line":9,"column":2},"end":{"line":9,"column":7}},"loc":{"start":{"line":9,"column":72},"end":{"line":39,"column":3}}},"2":{"name":"(anonymous_4)","decl":{"start":{"line":41,"column":2},"end":{"line":41,"column":7}},"loc":{"start":{"line":41,"column":83},"end":{"line":76,"column":3}}},"3":{"name":"(anonymous_5)","decl":{"start":{"line":78,"column":2},"end":{"line":78,"column":7}},"loc":{"start":{"line":78,"column":62},"end":{"line":85,"column":3}}}},"branchMap":{"0":{"loc":{"start":{"line":15,"column":4},"end":{"line":17,"column":5}},"type":"if","locations":[{"start":{"line":15,"column":4},"end":{"line":17,"column":5}}]},"1":{"loc":{"start":{"line":19,"column":4},"end":{"line":21,"column":5}},"type":"if","locations":[{"start":{"line":19,"column":4},"end":{"line":21,"column":5}}]},"2":{"loc":{"start":{"line":19,"column":8},"end":{"line":19,"column":73}},"type":"binary-expr","locations":[{"start":{"line":19,"column":8},"end":{"line":19,"column":37}},{"start":{"line":19,"column":41},"end":{"line":19,"column":73}}]},"3":{"loc":{"start":{"line":41,"column":61},"end":{"line":41,"column":71}},"type":"default-arg","locations":[{"start":{"line":41,"column":69},"end":{"line":41,"column":71}}]},"4":{"loc":{"start":{"line":41,"column":73},"end":{"line":41,"column":83}},"type":"default-arg","locations":[{"start":{"line":41,"column":82},"end":{"line":41,"column":83}}]},"5":{"loc":{"start":{"line":47,"column":4},"end":{"line":49,"column":5}},"type":"if","locations":[{"start":{"line":47,"column":4},"end":{"line":49,"column":5}}]},"6":{"loc":{"start":{"line":51,"column":4},"end":{"line":53,"column":5}},"type":"if","locations":[{"start":{"line":51,"column":4},"end":{"line":53,"column":5}}]},"7":{"loc":{"start":{"line":51,"column":8},"end":{"line":51,"column":69}},"type":"binary-expr","locations":[{"start":{"line":51,"column":8},"end":{"line":51,"column":35}},{"start":{"line":51,"column":39},"end":{"line":51,"column":69}}]},"8":{"loc":{"start":{"line":83,"column":4},"end":{"line":83,"column":31}},"type":"if","locations":[{"start":{"line":83,"column":4},"end":{"line":83,"column":31}}]},"9":{"loc":{"start":{"line":84,"column":11},"end":{"line":84,"column":72}},"type":"binary-expr","locations":[{"start":{"line":84,"column":11},"end":{"line":84,"column":38}},{"start":{"line":84,"column":42},"end":{"line":84,"column":72}}]},"10":{"loc":{"start":{"line":7,"column":39},"end":{"line":7,"column":55}},"type":"cond-expr","locations":[{"start":{"line":7,"column":52},"end":{"line":7,"column":55}},{"start":{"line":7,"column":52},"end":{"line":7,"column":55}}]},"11":{"loc":{"start":{"line":7,"column":39},"end":{"line":7,"column":52}},"type":"binary-expr","locations":[{"start":{"line":7,"column":39},"end":{"line":7,"column":55}},{"start":{"line":7,"column":39},"end":{"line":7,"column":52}}]}},"s":{"0":1,"1":1,"2":1,"3":12,"4":4,"5":4,"6":1,"7":3,"8":1,"9":2,"10":4,"11":4,"12":1,"13":3,"14":1,"15":2,"16":2,"17":2,"18":4,"19":4,"20":1,"21":3,"22":1,"23":1},"f":{"0":12,"1":4,"2":4,"3":4},"b":{"0":[1],"1":[1],"2":[3,2],"3":[3],"4":[3],"5":[1],"6":[1],"7":[3,1],"8":[1],"9":[3,2],"10":[1,0],"11":[1,1]}}
[...]
n":2},"end":{"line":145,"column":7}},"loc":{"start":{"line":145,"column":70},"end":{"line":152,"column":3}}},"4":{"name":"(anonymous_8)","decl":{"start":{"line":160,"column":2},"end":{"line":160,"column":7}},"loc":{"start":{"line":160,"column":42},"end":{"line":162,"column":3}}},"5":{"name":"(anonymous_9)","decl":{"start":{"line":60,"column":21},"end":{"line":60,"column":22}},"loc":{"start":{"line":60,"column":39},"end":{"line":63,"column":9}}},"6":{"name":"(anonymous_10)","decl":{"start":{"line":64,"column":18},"end":{"line":64,"column":19}},"loc":{"start":{"line":64,"column":36},"end":{"line":67,"column":9}}},"7":{"name":"(anonymous_11)","decl":{"start":{"line":69,"column":18},"end":{"line":69,"column":19}},"loc":{"start":{"line":69,"column":36},"end":{"line":79,"column":7}}}},"branchMap":{"0":{"loc":{"start":{"line":90,"column":4},"end":{"line":92,"column":5}},"type":"if","locations":[{"start":{"line":90,"column":4},"end":{"line":92,"column":5}}]},"1":{"loc":{"start":{"line":96,"column":4},"end":{"line":102,"column":5}},"type":"if","locations":[{"start":{"line":96,"column":4},"end":{"line":102,"column":5}}]},"2":{"loc":{"start":{"line":98,"column":6},"end":{"line":100,"column":7}},"type":"if","locations":[{"start":{"line":98,"column":6},"end":{"line":100,"column":7}}]},"3":{"loc":{"start":{"line":105,"column":21},"end":{"line":105,"column":47}},"type":"binary-expr","locations":[{"start":{"line":105,"column":21},"end":{"line":105,"column":34}},{"start":{"line":105,"column":38},"end":{"line":105,"column":47}}]},"4":{"loc":{"start":{"line":136,"column":22},"end":{"line":136,"column":30}},"type":"default-arg","locations":[{"start":{"line":136,"column":29},"end":{"line":136,"column":30}}]},"5":{"loc":{"start":{"line":136,"column":32},"end":{"line":136,"column":42}},"type":"default-arg","locations":[{"start":{"line":136,"column":40},"end":{"line":136,"column":42}}]},"6":{"loc":{"start":{"line":70,"column":8},"end":{"line":77,"column":9}},"type":"if","locations":[{"start":{"line":70,"column":8},"end":{"line":77,"column":9}}]},"7":{"loc":{"start":{"line":87,"column":18},"end":{"line":87,"column":null}},"type":"cond-expr","locations":[{"start":{"line":87,"column":31},"end":{"line":87,"column":null}},{"start":{"line":87,"column":31},"end":{"line":87,"column":null}}]},"8":{"loc":{"start":{"line":87,"column":18},"end":{"line":87,"column":31}},"type":"binary-expr","locations":[{"start":{"line":87,"column":18},"end":{"line":87,"column":null}},{"start":{"line":87,"column":18},"end":{"line":87,"column":31}}]},"9":{"loc":{"start":{"line":135,"column":34},"end":{"line":135,"column":null}},"type":"cond-expr","locations":[{"start":{"line":135,"column":46},"end":{"line":135,"column":null}},{"start":{"line":135,"column":46},"end":{"line":135,"column":null}}]},"10":{"loc":{"start":{"line":135,"column":34},"end":{"line":135,"column":46}},"type":"binary-expr","locations":[{"start":{"line":135,"column":34},"end":{"line":135,"column":null}},{"start":{"line":135,"column":34},"end":{"line":135,"column":46}}]},"11":{"loc":{"start":{"line":50,"column":47},"end":{"line":50,"column":64}},"type":"cond-expr","locations":[{"start":{"line":50,"column":61},"end":{"line":50,"column":64}},{"start":{"line":50,"column":61},"end":{"line":50,"column":64}}]},"12":{"loc":{"start":{"line":50,"column":47},"end":{"line":50,"column":61}},"type":"binary-expr","locations":[{"start":{"line":50,"column":47},"end":{"line":50,"column":64}},{"start":{"line":50,"column":47},"end":{"line":50,"column":61}}]}},"s":{"0":0,"1":0,"2":0,"3":0,"4":0,"5":0,"6":0,"7":0,"8":0,"9":0,"10":0,"11":0,"12":0,"13":0,"14":0,"15":0,"16":0,"17":0,"18":0,"19":0,"20":0,"21":0,"22":0,"23":0,"24":0,"25":0,"26":0,"27":0,"28":0,"29":0,"30":0,"31":0,"32":0,"33":0,"34":0,"35":0,"36":0,"37":0,"38":0,"39":0,"40":0,"41":0,"42":0},"f":{"0":0,"1":0,"2":0,"3":0,"4":0,"5":0,"6":0,"7":0},"b":{"0":[0],"1":[0],"2":[0],"3":[0,0],"4":[0],"5":[0],"6":[0],"7":[0,0],"8":[0,0],"9":[0,0],"10":[0,0],"11":[0,0],"12":[0,0]}}
,"/home/azureuser/Telehealings Project/packages/backend/src/uploads/uploads.module.ts": {"path":"/home/azureuser/Telehealings Project/packages/backend/src/uploads/uploads.module.ts","statementMap":{"0":{"start":{"line":2,"column":0},"end":{"line":2,"column":40}},"1":{"start":{"line":3,"column":0},"end":{"line":3,"column":57}},"2":{"start":{"line":4,"column":0},"end":{"line":4,"column":51}},"3":{"start":{"line":5,"column":0},"end":{"line":5,"column":55}},"4":{"start":{"line":13,"column":7},"end":{"line":13,"column":null}},"5":{"start":{"line":13,"column":13},"end":{"line":13,"column":26}},"6":{"start":{"line":13,"column":13},"end":{"line":13,"column":null}}},"fnMap":{},"branchMap":{},"s":{"0":0,"1":0,"2":0,"3":0,"4":0,"5":0,"6":0},"f":{},"b":{}}
,"/home/azureuser/Telehealings Project/packages/backend/src/uploads/uploads.service.ts": {"path":"/home/azureuser/Telehealings Project/packages/backend/src/uploads/uploads.service.ts","statementMap":{"0":{"start":{"line":2,"column":0},"end":{"line":2,"column":63}},"1":{"start":{"line":3,"column":0},"end":{"line":3,"column":57}},"2":{"start":{"line":4,"column":0},"end":{"line":4,"column":25}},"3":{"start":{"line":5,"column":0},"end":{"line":5,"column":29}},"4":{"start":{"line":7,"column":19},"end":{"line":7,"column":57}},"5":{"start":{"line":10,"column":27},"end":{"line":141,"column":null}},"6":{"start":{"line":11,"column":22},"end":{"line":11,"column":30}},"7":{"start":{"line":17,"column":4},"end":{"line":19,"column":5}},"8":{"start":{"line":18,"column":6},"end":{"line":18,"column":52}},"9":{"start":{"line":20,"column":4},"end":{"line":20,"column":22}},"10":{"start":{"line":27,"column":4},"end":{"line":27,"column":47}},"11":{"start":{"line":42,"column":4},"end":{"line":52,"column":7}},"12":{"start":{"line":59,"column":17},"end":{"line":61,"column":6}},"13":{"start":{"line":62,"column":4},"end":{"line":64,"column":5}},"14":{"start":{"line":63,"column":6},"end":{"line":63,"column":66}},"15":{"start":{"line":65,"column":4},"end":{"line":65,"column":16}},"16":{"start":{"line":72,"column":17},"end":{"line":74,"column":6}},"17":{"start":{"line":75,"column":4},"end":{"line":77,"column":5}},"18":{"start":{"line":76,"column":6},"end":{"line":76,"column":68}},"19":{"start":{"line":78,"column":4},"end":{"line":78,"column":16}},"20":{"start":{"line":85,"column":18},"end":{"line":85,"column":46}},"21":{"start":{"line":86,"column":27},"end":{"line":94,"column":6}},"22":{"start":{"line":95,"column":4},"end":{"line":101,"column":6}},"23":{"start":{"line":108,"column":17},"end":{"line":108,"column":40}},"24":{"start":{"line":111,"column":4},"end":{"line":118,"column":5}},"25":{"start":{"line":112,"column":6},"end":{"line":114,"column":7}},"26":{"start":{"line":113,"column":8},"end":{"line":113,"column":33}},"27":{"start":{"line":117,"column":6},"end":{"line":117,"column":73}},"28":{"start":{"line":121,"column":4},"end":{"line":121,"column":59}},"29":{"start":{"line":122,"column":4},"end":{"line":122,"column":77}},"30":{"start":{"line":129,"column":4},"end":{"line":129,"column":52}},"31":{"start":{"line":139,"column":4},"end":{"line":139,"column":82}},"32":{"start":{"line":10,"column":13},"end":{"line":10,"column":27}},"33":{"start":{"line":10,"column":13},"end":{"line":141,"column":null}}},"fnMap":{"0":{"name":"(anonymous_11)","decl":{"start":{"line":11,"column":2},"end":{"line":11,"column":22}},"loc":{"start":{"line":11,"column":43},"end":{"line":11,"column":47}}},"1":{"name":"(anonymous_12)","decl":{"start":{"line":16,"column":2},"end":{"line":16,"column":8}},"loc":{"start":{"line":16,"column":27},"end":{"line":21,"column":3}}},"2":{"name":"(anonymous_13)","decl":{"start":{"line":26,"column":2},"end":{"line":26,"column":14}},"loc":{"start":{"line":26,"column":14},"end":{"line":28,"column":3}}},"3":{"name":"(anonymous_14)","decl":{"start":{"line":33,"column":2},"end":{"line":33,"column":7}},"loc":{"start":{"line":40,"column":24},"end":{"line":53,"column":3}}},"4":{"name":"(anonymous_15)","decl":{"start":{"line":58,"column":2},"end":{"line":58,"column":7}},"loc":{"start":{"line":58,"column":39},"end":{"line":66,"column":3}}},"5":{"name":"(anonymous_16)","decl":{"start":{"line":71,"column":2},"end":{"line":71,"column":7}},"loc":{"start":{"line":71,"column":27},"end":{"line":79,"column":3}}},"6":{"name":"(anonymous_17)","decl":{"start":{"line":84,"column":2},"end":{"line":84,"column":7}},"loc":{"start":{"line":84,"column":55},"end":{"line":102,"column":3}}},"7":{"name":"(anonymous_18)","decl":{"start":{"line":107,"column":2},"end":{"line":107,"column":7}},"loc":{"start":{"line":107,"column":29},"end":{"line":123,"column":3}}},"8":{"name":"(anonymous_19)","decl":{"start":{"line":128,"column":2},"end":{"line":128,"column":13}},"loc":{"start":{"line":128,"column":30},"end":{"line":130,"column":3}}},"9":{"name":"(anonymous_20)","decl":{"start":{"line":136,"column":2},"end":{"line":136,"column":7}},"loc":{"start":{"line":136,"column":34},"end":{"line":140,"column":3}}}},"branchMap":{"0":{"loc":{"start":{"line":17,"column":4},"end":{"line":19,"column":5}},"type":"if","locations":[{"start":{"line":17,"column":4},"end":{"line":19,"column":5}}]},"1":{"loc":{"start":{"line":40,"column":4},"end":{"line":40,"column":24}},"type":"default-arg","locations":[{"start":{"line":40,"column":15},"end":{"line":40,"column":24}}]},"2":{"loc":{"start":{"line":62,"column":4},"end":{"line":64,"column":5}},"type":"if","locations":[{"start":{"line":62,"column":4},"end":{"line":64,"column":5}}]},"3":{"loc":{"start":{"line":75,"column":4},"end":{"line":77,"column":5}},"type":"if","locations":[{"start":{"line":75,"column":4},"end":{"line":77,"column":5}}]},"4":{"loc":{"start":{"line":84,"column":35},"end":{"line":84,"column":43}},"type":"default-arg","locations":[{"start":{"line":84,"column":42},"end":{"line":84,"column":43}}]},"5":{"loc":{"start":{"line":84,"column":45},"end":{"line":84,"column":55}},"type":"default-arg","locations":[{"start":{"line":84,"column":53},"end":{"line":84,"column":55}}]},"6":{"loc":{"start":{"line":85,"column":18},"end":{"line":85,"column":46}},"type":"cond-expr","locations":[{"start":{"line":85,"column":29},"end":{"line":85,"column":41}},{"start":{"line":85,"column":44},"end":{"line":85,"column":46}}]},"7":{"loc":{"start":{"line":112,"column":6},"end":{"line":114,"column":7}},"type":"if","locations":[{"start":{"line":112,"column":6},"end":{"line":114,"column":7}}]},"8":{"loc":{"start":{"line":11,"column":30},"end":{"line":11,"column":46}},"type":"cond-expr","locations":[{"start":{"line":11,"column":43},"end":{"line":11,"column":46}},{"start":{"line":11,"column":43},"end":{"line":11,"column":46}}]},"9":{"loc":{"start":{"line":11,"column":30},"end":{"line":11,"column":43}},"type":"binary-expr","locations":[{"start":{"line":11,"column":30},"end":{"line":11,"column":46}},{"start":{"line":11,"column":30},"end":{"line":11,"column":43}}]}},"s":{"0":1,"1":1,"2":1,"3":1,"4":1,"5":1,"6":13,"7":1,"8":0,"9":1,"10":0,"11":2,"12":2,"13":2,"14":1,"15":1,"16":4,"17":4,"18":2,"19":2,"20":3,"21":3,"22":3,"23":2,"24":1,"25":1,"26":0,"27":0,"28":1,"29":1,"30":0,"31":1,"32":1,"33":1},"f":{"0":13,"1":1,"2":0,"3":2,"4":2,"5":4,"6":3,"7":2,"8":0,"9":1},"b":{"0":[0],"1":[1],"2":[1],"3":[2],"4":[0],"5":[0],"6":[1,2],"7":[0],"8":[1,0],"9":[1,1]}}
,"/home/azureuser/Telehealings Project/packages/backend/src/users/dto.ts": {"path":"/home/azureuser/Telehealings Project/packages/backend/src/users/dto.ts","statementMap":{"0":{"start":{"line":1,"column":0},"end":{"line":1,"column":84}},"1":{"start":{"line":2,"column":0},"end":{"line":2,"column":47}},"2":{"start":{"line":4,"column":0},"end":{"line":4,"column":13}},"3":{"start":{"line":6,"column":2},"end":{"line":6,"column":null}},"4":{"start":{"line":9,"column":2},"end":{"line":9,"column":null}},"5":{"start":{"line":13,"column":2},"end":{"line":13,"column":null}},"6":{"start":{"line":16,"column":0},"end":{"line":16,"column":13}},"7":{"start":{"line":19,"column":2},"end":{"line":19,"column":null}}},"fnMap":{},"branchMap":{"0":{"loc":{"start":{"line":13,"column":9},"end":{"line":13,"column":14}},"type":"cond-expr","locations":[{"start":{"line":13,"column":13},"end":{"line":13,"column":14}},{"start":{"line":13,"column":13},"end":{"line":13,"column":14}}]},"1":{"loc":{"start":{"line":13,"column":9},"end":{"line":13,"column":13}},"type":"binary-expr","locations":[{"start":{"line":13,"column":9},"end":{"line":13,"column":14}},{"start":{"line":13,"column":9},"end":{"line":13,"column":13}}]}},"s":{"0":0,"1":0,"2":0,"3":0,"4":0,"5":0,"6":0,"7":0},"f":{},"b":{"0":[0,0],"1":[0,0]}}
,"/home/azureuser/Telehealings Project/packages/backend/src/users/users.controller.ts": {"path":"/home/azureuser/Telehealings Project/packages/backend/src/users/users.controller.ts","statementMap":{"0":{"start":{"line":1,"column":0},"end":{"line":1,"column":88}},"1":{"start":{"line":2,"column":0},"end":{"line":2,"column":47}},"2":{"start":{"line":3,"column":0},"end":{"line":3,"column":54}},"3":{"start":{"line":4,"column":0},"end":{"line":4,"column":49}},"4":{"start":{"line":5,"column":0},"end":{"line":5,"column":54}},"5":{"start":{"line":6,"column":0},"end":{"line":6,"column":38}},"6":{"start":{"line":11,"column":7},"end":{"line":33,"column":null}},"7":{"start":{"line":12,"column":22},"end":{"line":12,"column":36}},"8":{"start":{"line":16,"column":4},"end":{"line":16,"column":45}},"9":{"start":{"line":21,"column":4},"end":{"line":21,"column":41}},"10":{"start":{"line":26,"column":4},"end":{"line":26,"column":46}},"11":{"start":{"line":31,"column":4},"end":{"line":31,"column":40}},"12":{"start":{"line":11,"column":13},"end":{"line":11,"column":28}},"13":{"start":{"line":15,"column":8},"end":{"line":17,"column":null}},"14":{"start":{"line":20,"column":8},"end":{"line":22,"column":null}},"15":{"start":{"line":25,"column":8},"end":{"line":27,"column":null}},"16":{"start":{"line":30,"column":8},"end":{"line":32,"column":null}},"17":{"start":{"line":11,"column":13},"end":{"line":33,"column":null}}},"fnMap":{"0":{"name":"(anonymous_4)","decl":{"start":{"line":12,"column":2},"end":{"line":12,"column":22}},"loc":{"start":{"line":12,"column":48},"end":{"line":12,"column":52}}},"1":{"name":"(anonymous_5)","decl":{"start":{"line":15,"column":2},"end":{"line":15,"column":7}},"loc":{"start":{"line":15,"column":35},"end":{"line":17,"column":3}}},"2":{"name":"(anonymous_6)","decl":{"start":{"line":20,"column":2},"end":{"line":20,"column":7}},"loc":{"start":{"line":20,"column":39},"end":{"line":22,"column":3}}},"3":{"name":"(anonymous_7)","decl":{"start":{"line":25,"column":2},"end":{"line":25,"column":7}},"loc":{"start":{"line":25,"column":67},"end":{"line":27,"column":3}}},"4":{"name":"(anonymous_8)","decl":{"start":{"line":30,"column":2},"end":{"line":30,"column":7}},"loc":{"start":{"line":30,"column":38},"end":{"line":32,"column":3}}}},"branchMap":{"0":{"loc":{"start":{"line":25,"column":54},"end":{"line":25,"column":null}},"type":"cond-expr","locations":[{"start":{"line":25,"column":67},"end":{"line":25,"column":null}},{"start":{"line":25,"column":67},"end":{"line":25,"column":null}}]},"1":{"loc":{"start":{"line":25,"column":54},"end":{"line":25,"column":67}},"type":"binary-expr","locations":[{"start":{"line":25,"column":54},"end":{"line":25,"column":null}},{"start":{"line":25,"column":54},"end":{"line":25,"column":67}}]},"2":{"loc":{"start":{"line":12,"column":36},"end":{"line":12,"column":51}},"type":"cond-expr","locations":[{"start":{"line":12,"column":48},"end":{"line":12,"column":51}},{"start":{"line":12,"column":48},"end":{"line":12,"column":51}}]},"3":{"loc":{"start":{"line":12,"column":36},"end":{"line":12,"column":48}},"type":"binary-expr","locations":[{"start":{"line":12,"column":36},"end":{"line":12,"column":51}},{"start":{"line":12,"column":36},"end":{"line":12,"column":48}}]}},"s":{"0":0,"1":0,"2":0,"3":0,"4":0,"5":0,"6":0,"7":0,"8":0,"9":0,"10":0,"11":0,"12":0,"13":0,"14":0,"15":0,"16":0,"17":0},"f":{"0":0,"1":0,"2":0,"3":0,"4":0},"b":{"0":[0,0],"1":[0,0],"2":[0,0],"3":[0,0]}}
,"/home/azureuser/Telehealings Project/packages/backend/src/users/users.module.ts": {"path":"/home/azureuser/Telehealings Project/packages/backend/src/users/users.module.ts","statementMap":{"0":{"start":{"line":2,"column":0},"end":{"line":2,"column":40}},"1":{"start":{"line":3,"column":0},"end":{"line":3,"column":47}},"2":{"start":{"line":4,"column":0},"end":{"line":4,"column":53}},"3":{"start":{"line":5,"column":0},"end":{"line":5,"column":55}},"4":{"start":{"line":13,"column":7},"end":{"line":13,"column":null}},"5":{"start":{"line":13,"column":13},"end":{"line":13,"column":24}},"6":{"start":{"line":13,"column":13},"end":{"line":13,"column":null}}},"fnMap":{},"branchMap":{},"s":{"0":0,"1":0,"2":0,"3":0,"4":0,"5":0,"6":0},"f":{},"b":{}}
,"/home/azureuser/Telehealings Project/packages/backend/src/users/users.service.ts": {"path":"/home/azureuser/Telehealings Project/packages/backend/src/users/users.service.ts","statementMap":{"0":{"start":{"line":2,"column":0},"end":{"line":2,"column":44}},"1":{"start":{"line":3,"column":0},"end":{"line":3,"column":57}},"2":{"start":{"line":6,"column":7},"end":{"line":37,"column":null}},"3":{"start":{"line":7,"column":22},"end":{"line":7,"column":30}},"4":{"start":{"line":10,"column":42},"end":{"line":10,"column":48}},"5":{"start":{"line":11,"column":4},"end":{"line":16,"column":7}},"6":{"start":{"line":20,"column":4},"end":{"line":23,"column":7}},"7":{"start":{"line":27,"column":4},"end":{"line":27,"column":61}},"8":{"start":{"line":31,"column":4},"end":{"line":31,"column":60}},"9":{"start":{"line":35,"column":4},"end":{"line":35,"column":54}},"10":{"start":{"line":6,"column":13},"end":{"line":6,"column":25}},"11":{"start":{"line":6,"column":13},"end":{"line":37,"column":null}}},"fnMap":{"0":{"name":"(anonymous_2)","decl":{"start":{"line":7,"column":2},"end":{"line":7,"column":22}},"loc":{"start":{"line":7,"column":43},"end":{"line":7,"column":47}}},"1":{"name":"(anonymous_3)","decl":{"start":{"line":9,"column":2},"end":{"line":9,"column":7}},"loc":{"start":{"line":9,"column":71},"end":{"line":17,"column":3}}},"2":{"name":"(anonymous_4)","decl":{"start":{"line":19,"column":2},"end":{"line":19,"column":7}},"loc":{"start":{"line":19,"column":26},"end":{"line":24,"column":3}}},"3":{"name":"(anonymous_5)","decl":{"start":{"line":26,"column":2},"end":{"line":26,"column":7}},"loc":{"start":{"line":26,"column":33},"end":{"line":28,"column":3}}},"4":{"name":"(anonymous_6)","decl":{"start":{"line":30,"column":2},"end":{"line":30,"column":7}},"loc":{"start":{"line":30,"column":36},"end":{"line":32,"column":3}}},"5":{"name":"(anonymous_7)","decl":{"start":{"line":34,"column":2},"end":{"line":34,"column":7}},"loc":{"start":{"line":34,"column":25},"end":{"line":36,"column":3}}}},"branchMap":{"0":{"loc":{"start":{"line":10,"column":12},"end":{"line":10,"column":20}},"type":"default-arg","locations":[{"start":{"line":10,"column":19},"end":{"line":10,"column":20}}]},"1":{"loc":{"start":{"line":10,"column":22},"end":{"line":10,"column":31}},"type":"default-arg","locations":[{"start":{"line":10,"column":29},"end":{"line":10,"column":31}}]},"2":{"loc":{"start":{"line":14,"column":13},"end":{"line":14,"column":53}},"type":"cond-expr","locations":[{"start":{"line":14,"column":20},"end":{"line":14,"column":41}},{"start":{"line":14,"column":44},"end":{"line":14,"column":53}}]},"3":{"loc":{"start":{"line":7,"column":30},"end":{"line":7,"column":46}},"type":"cond-expr","locations":[{"start":{"line":7,"column":43},"end":{"line":7,"column":46}},{"start":{"line":7,"column":43},"end":{"line":7,"column":46}}]},"4":{"loc":{"start":{"line":7,"column":30},"end":{"line":7,"column":43}},"type":"binary-expr","locations":[{"start":{"line":7,"column":30},"end":{"line":7,"column":46}},{"start":{"line":7,"column":30},"end":{"line":7,"column":43}}]}},"s":{"0":1,"1":1,"2":1,"3":7,"4":3,"5":3,"6":1,"7":1,"8":1,"9":1,"10":1,"11":1},"f":{"0":7,"1":3,"2":1,"3":1,"4":1,"5":1},"b":{"0":[1],"1":[1],"2":[1,2],"3":[1,0],"4":[1,1]}}
}
